[2017-01-21 22:20:48] local.ERROR: Swift_TransportException: Connection to mailtrap.io:2525 Timed Out in /Users/amuthuraj/Desktop/Capstone/New_Cassel/vendor/swiftmailer/swiftmailer/lib/classes/Swift/Transport/AbstractSmtpTransport.php:404
Stack trace:
#0 /Users/amuthuraj/Desktop/Capstone/New_Cassel/vendor/swiftmailer/swiftmailer/lib/classes/Swift/Transport/AbstractSmtpTransport.php(289): Swift_Transport_AbstractSmtpTransport->_getFullResponse(0)
#1 /Users/amuthuraj/Desktop/Capstone/New_Cassel/vendor/swiftmailer/swiftmailer/lib/classes/Swift/Transport/AbstractSmtpTransport.php(117): Swift_Transport_AbstractSmtpTransport->_readGreeting()
#2 /Users/amuthuraj/Desktop/Capstone/New_Cassel/vendor/swiftmailer/swiftmailer/lib/classes/Swift/Mailer.php(79): Swift_Transport_AbstractSmtpTransport->start()
#3 /Users/amuthuraj/Desktop/Capstone/New_Cassel/vendor/laravel/framework/src/Illuminate/Mail/Mailer.php(385): Swift_Mailer->send(Object(Swift_Message), Array)
#4 /Users/amuthuraj/Desktop/Capstone/New_Cassel/vendor/laravel/framework/src/Illuminate/Mail/Mailer.php(171): Illuminate\Mail\Mailer->sendSwiftMessage(Object(Swift_Message))
#5 /Users/amuthuraj/Desktop/Capstone/New_Cassel/vendor/laravel/framework/src/Illuminate/Auth/Passwords/PasswordBroker.php(119): Illuminate\Mail\Mailer->send('auth.emails.pas...', Array, Object(Closure))
#6 /Users/amuthuraj/Desktop/Capstone/New_Cassel/vendor/laravel/framework/src/Illuminate/Auth/Passwords/PasswordBroker.php(93): Illuminate\Auth\Passwords\PasswordBroker->emailResetLink(Object(App\User), '1a161bf162d28f2...', Object(Closure))
#7 /Users/amuthuraj/Desktop/Capstone/New_Cassel/vendor/laravel/framework/src/Illuminate/Foundation/Auth/ResetsPasswords.php(80): Illuminate\Auth\Passwords\PasswordBroker->sendResetLink(Array, Object(Closure))
#8 [internal function]: App\Http\Controllers\Auth\PasswordController->sendResetLinkEmail(Object(Illuminate\Http\Request))
#9 /Users/amuthuraj/Desktop/Capstone/New_Cassel/vendor/laravel/framework/src/Illuminate/Routing/Controller.php(80): call_user_func_array(Array, Array)
#10 /Users/amuthuraj/Desktop/Capstone/New_Cassel/vendor/laravel/framework/src/Illuminate/Routing/ControllerDispatcher.php(146): Illuminate\Routing\Controller->callAction('sendResetLinkEm...', Array)
#11 /Users/amuthuraj/Desktop/Capstone/New_Cassel/vendor/laravel/framework/src/Illuminate/Routing/ControllerDispatcher.php(94): Illuminate\Routing\ControllerDispatcher->call(Object(App\Http\Controllers\Auth\PasswordController), Object(Illuminate\Routing\Route), 'sendResetLinkEm...')
#12 [internal function]: Illuminate\Routing\ControllerDispatcher->Illuminate\Routing\{closure}(Object(Illuminate\Http\Request))
#13 /Users/amuthuraj/Desktop/Capstone/New_Cassel/vendor/laravel/framework/src/Illuminate/Routing/Pipeline.php(52): call_user_func(Object(Closure), Object(Illuminate\Http\Request))
#14 /Users/amuthuraj/Desktop/Capstone/New_Cassel/app/Http/Middleware/RedirectIfAuthenticated.php(24): Illuminate\Routing\Pipeline->Illuminate\Routing\{closure}(Object(Illuminate\Http\Request))
#15 [internal function]: App\Http\Middleware\RedirectIfAuthenticated->handle(Object(Illuminate\Http\Request), Object(Closure))
#16 /Users/amuthuraj/Desktop/Capstone/New_Cassel/vendor/laravel/framework/src/Illuminate/Pipeline/Pipeline.php(136): call_user_func_array(Array, Array)
#17 [internal function]: Illuminate\Pipeline\Pipeline->Illuminate\Pipeline\{closure}(Object(Illuminate\Http\Request))
#18 /Users/amuthuraj/Desktop/Capstone/New_Cassel/vendor/laravel/framework/src/Illuminate/Routing/Pipeline.php(32): call_user_func(Object(Closure), Object(Illuminate\Http\Request))
#19 [internal function]: Illuminate\Routing\Pipeline->Illuminate\Routing\{closure}(Object(Illuminate\Http\Request))
#20 /Users/amuthuraj/Desktop/Capstone/New_Cassel/vendor/laravel/framework/src/Illuminate/Pipeline/Pipeline.php(102): call_user_func(Object(Closure), Object(Illuminate\Http\Request))
#21 /Users/amuthuraj/Desktop/Capstone/New_Cassel/vendor/laravel/framework/src/Illuminate/Routing/ControllerDispatcher.php(96): Illuminate\Pipeline\Pipeline->then(Object(Closure))
#22 /Users/amuthuraj/Desktop/Capstone/New_Cassel/vendor/laravel/framework/src/Illuminate/Routing/ControllerDispatcher.php(54): Illuminate\Routing\ControllerDispatcher->callWithinStack(Object(App\Http\Controllers\Auth\PasswordController), Object(Illuminate\Routing\Route), Object(Illuminate\Http\Request), 'sendResetLinkEm...')
#23 /Users/amuthuraj/Desktop/Capstone/New_Cassel/vendor/laravel/framework/src/Illuminate/Routing/Route.php(174): Illuminate\Routing\ControllerDispatcher->dispatch(Object(Illuminate\Routing\Route), Object(Illuminate\Http\Request), 'App\\Http\\Contro...', 'sendResetLinkEm...')
#24 /Users/amuthuraj/Desktop/Capstone/New_Cassel/vendor/laravel/framework/src/Illuminate/Routing/Route.php(140): Illuminate\Routing\Route->runController(Object(Illuminate\Http\Request))
#25 /Users/amuthuraj/Desktop/Capstone/New_Cassel/vendor/laravel/framework/src/Illuminate/Routing/Router.php(724): Illuminate\Routing\Route->run(Object(Illuminate\Http\Request))
#26 [internal function]: Illuminate\Routing\Router->Illuminate\Routing\{closure}(Object(Illuminate\Http\Request))
#27 /Users/amuthuraj/Desktop/Capstone/New_Cassel/vendor/laravel/framework/src/Illuminate/Routing/Pipeline.php(52): call_user_func(Object(Closure), Object(Illuminate\Http\Request))
#28 /Users/amuthuraj/Desktop/Capstone/New_Cassel/vendor/laravel/framework/src/Illuminate/Foundation/Http/Middleware/VerifyCsrfToken.php(64): Illuminate\Routing\Pipeline->Illuminate\Routing\{closure}(Object(Illuminate\Http\Request))
#29 [internal function]: Illuminate\Foundation\Http\Middleware\VerifyCsrfToken->handle(Object(Illuminate\Http\Request), Object(Closure))
#30 /Users/amuthuraj/Desktop/Capstone/New_Cassel/vendor/laravel/framework/src/Illuminate/Pipeline/Pipeline.php(136): call_user_func_array(Array, Array)
#31 [internal function]: Illuminate\Pipeline\Pipeline->Illuminate\Pipeline\{closure}(Object(Illuminate\Http\Request))
#32 /Users/amuthuraj/Desktop/Capstone/New_Cassel/vendor/laravel/framework/src/Illuminate/Routing/Pipeline.php(32): call_user_func(Object(Closure), Object(Illuminate\Http\Request))
#33 /Users/amuthuraj/Desktop/Capstone/New_Cassel/vendor/laravel/framework/src/Illuminate/View/Middleware/ShareErrorsFromSession.php(49): Illuminate\Routing\Pipeline->Illuminate\Routing\{closure}(Object(Illuminate\Http\Request))
#34 [internal function]: Illuminate\View\Middleware\ShareErrorsFromSession->handle(Object(Illuminate\Http\Request), Object(Closure))
#35 /Users/amuthuraj/Desktop/Capstone/New_Cassel/vendor/laravel/framework/src/Illuminate/Pipeline/Pipeline.php(136): call_user_func_array(Array, Array)
#36 [internal function]: Illuminate\Pipeline\Pipeline->Illuminate\Pipeline\{closure}(Object(Illuminate\Http\Request))
#37 /Users/amuthuraj/Desktop/Capstone/New_Cassel/vendor/laravel/framework/src/Illuminate/Routing/Pipeline.php(32): call_user_func(Object(Closure), Object(Illuminate\Http\Request))
#38 /Users/amuthuraj/Desktop/Capstone/New_Cassel/vendor/laravel/framework/src/Illuminate/Session/Middleware/StartSession.php(64): Illuminate\Routing\Pipeline->Illuminate\Routing\{closure}(Object(Illuminate\Http\Request))
#39 [internal function]: Illuminate\Session\Middleware\StartSession->handle(Object(Illuminate\Http\Request), Object(Closure))
#40 /Users/amuthuraj/Desktop/Capstone/New_Cassel/vendor/laravel/framework/src/Illuminate/Pipeline/Pipeline.php(136): call_user_func_array(Array, Array)
#41 [internal function]: Illuminate\Pipeline\Pipeline->Illuminate\Pipeline\{closure}(Object(Illuminate\Http\Request))
#42 /Users/amuthuraj/Desktop/Capstone/New_Cassel/vendor/laravel/framework/src/Illuminate/Routing/Pipeline.php(32): call_user_func(Object(Closure), Object(Illuminate\Http\Request))
#43 /Users/amuthuraj/Desktop/Capstone/New_Cassel/vendor/laravel/framework/src/Illuminate/Cookie/Middleware/AddQueuedCookiesToResponse.php(37): Illuminate\Routing\Pipeline->Illuminate\Routing\{closure}(Object(Illuminate\Http\Request))
#44 [internal function]: Illuminate\Cookie\Middleware\AddQueuedCookiesToResponse->handle(Object(Illuminate\Http\Request), Object(Closure))
#45 /Users/amuthuraj/Desktop/Capstone/New_Cassel/vendor/laravel/framework/src/Illuminate/Pipeline/Pipeline.php(136): call_user_func_array(Array, Array)
#46 [internal function]: Illuminate\Pipeline\Pipeline->Illuminate\Pipeline\{closure}(Object(Illuminate\Http\Request))
#47 /Users/amuthuraj/Desktop/Capstone/New_Cassel/vendor/laravel/framework/src/Illuminate/Routing/Pipeline.php(32): call_user_func(Object(Closure), Object(Illuminate\Http\Request))
#48 /Users/amuthuraj/Desktop/Capstone/New_Cassel/vendor/laravel/framework/src/Illuminate/Cookie/Middleware/EncryptCookies.php(59): Illuminate\Routing\Pipeline->Illuminate\Routing\{closure}(Object(Illuminate\Http\Request))
#49 [internal function]: Illuminate\Cookie\Middleware\EncryptCookies->handle(Object(Illuminate\Http\Request), Object(Closure))
#50 /Users/amuthuraj/Desktop/Capstone/New_Cassel/vendor/laravel/framework/src/Illuminate/Pipeline/Pipeline.php(136): call_user_func_array(Array, Array)
#51 [internal function]: Illuminate\Pipeline\Pipeline->Illuminate\Pipeline\{closure}(Object(Illuminate\Http\Request))
#52 /Users/amuthuraj/Desktop/Capstone/New_Cassel/vendor/laravel/framework/src/Illuminate/Routing/Pipeline.php(32): call_user_func(Object(Closure), Object(Illuminate\Http\Request))
#53 [internal function]: Illuminate\Routing\Pipeline->Illuminate\Routing\{closure}(Object(Illuminate\Http\Request))
#54 /Users/amuthuraj/Desktop/Capstone/New_Cassel/vendor/laravel/framework/src/Illuminate/Pipeline/Pipeline.php(102): call_user_func(Object(Closure), Object(Illuminate\Http\Request))
#55 /Users/amuthuraj/Desktop/Capstone/New_Cassel/vendor/laravel/framework/src/Illuminate/Routing/Router.php(726): Illuminate\Pipeline\Pipeline->then(Object(Closure))
#56 /Users/amuthuraj/Desktop/Capstone/New_Cassel/vendor/laravel/framework/src/Illuminate/Routing/Router.php(699): Illuminate\Routing\Router->runRouteWithinStack(Object(Illuminate\Routing\Route), Object(Illuminate\Http\Request))
#57 /Users/amuthuraj/Desktop/Capstone/New_Cassel/vendor/laravel/framework/src/Illuminate/Routing/Router.php(675): Illuminate\Routing\Router->dispatchToRoute(Object(Illuminate\Http\Request))
#58 /Users/amuthuraj/Desktop/Capstone/New_Cassel/vendor/laravel/framework/src/Illuminate/Foundation/Http/Kernel.php(246): Illuminate\Routing\Router->dispatch(Object(Illuminate\Http\Request))
#59 [internal function]: Illuminate\Foundation\Http\Kernel->Illuminate\Foundation\Http\{closure}(Object(Illuminate\Http\Request))
#60 /Users/amuthuraj/Desktop/Capstone/New_Cassel/vendor/laravel/framework/src/Illuminate/Routing/Pipeline.php(52): call_user_func(Object(Closure), Object(Illuminate\Http\Request))
#61 /Users/amuthuraj/Desktop/Capstone/New_Cassel/vendor/laravel/framework/src/Illuminate/Foundation/Http/Middleware/CheckForMaintenanceMode.php(44): Illuminate\Routing\Pipeline->Illuminate\Routing\{closure}(Object(Illuminate\Http\Request))
#62 [internal function]: Illuminate\Foundation\Http\Middleware\CheckForMaintenanceMode->handle(Object(Illuminate\Http\Request), Object(Closure))
#63 /Users/amuthuraj/Desktop/Capstone/New_Cassel/vendor/laravel/framework/src/Illuminate/Pipeline/Pipeline.php(136): call_user_func_array(Array, Array)
#64 [internal function]: Illuminate\Pipeline\Pipeline->Illuminate\Pipeline\{closure}(Object(Illuminate\Http\Request))
#65 /Users/amuthuraj/Desktop/Capstone/New_Cassel/vendor/laravel/framework/src/Illuminate/Routing/Pipeline.php(32): call_user_func(Object(Closure), Object(Illuminate\Http\Request))
#66 [internal function]: Illuminate\Routing\Pipeline->Illuminate\Routing\{closure}(Object(Illuminate\Http\Request))
#67 /Users/amuthuraj/Desktop/Capstone/New_Cassel/vendor/laravel/framework/src/Illuminate/Pipeline/Pipeline.php(102): call_user_func(Object(Closure), Object(Illuminate\Http\Request))
#68 /Users/amuthuraj/Desktop/Capstone/New_Cassel/vendor/laravel/framework/src/Illuminate/Foundation/Http/Kernel.php(132): Illuminate\Pipeline\Pipeline->then(Object(Closure))
#69 /Users/amuthuraj/Desktop/Capstone/New_Cassel/vendor/laravel/framework/src/Illuminate/Foundation/Http/Kernel.php(99): Illuminate\Foundation\Http\Kernel->sendRequestThroughRouter(Object(Illuminate\Http\Request))
#70 /Users/amuthuraj/Desktop/Capstone/New_Cassel/public/index.php(53): Illuminate\Foundation\Http\Kernel->handle(Object(Illuminate\Http\Request))
#71 /Users/amuthuraj/Desktop/Capstone/New_Cassel/server.php(21): require_once('/Users/amuthura...')
#72 {main}  
[2017-01-21 22:21:31] local.ERROR: Swift_TransportException: Connection to mailtrap.io:2525 Timed Out in /Users/amuthuraj/Desktop/Capstone/New_Cassel/vendor/swiftmailer/swiftmailer/lib/classes/Swift/Transport/AbstractSmtpTransport.php:404
Stack trace:
#0 /Users/amuthuraj/Desktop/Capstone/New_Cassel/vendor/swiftmailer/swiftmailer/lib/classes/Swift/Transport/AbstractSmtpTransport.php(289): Swift_Transport_AbstractSmtpTransport->_getFullResponse(0)
#1 /Users/amuthuraj/Desktop/Capstone/New_Cassel/vendor/swiftmailer/swiftmailer/lib/classes/Swift/Transport/AbstractSmtpTransport.php(117): Swift_Transport_AbstractSmtpTransport->_readGreeting()
#2 /Users/amuthuraj/Desktop/Capstone/New_Cassel/vendor/swiftmailer/swiftmailer/lib/classes/Swift/Mailer.php(79): Swift_Transport_AbstractSmtpTransport->start()
#3 /Users/amuthuraj/Desktop/Capstone/New_Cassel/vendor/laravel/framework/src/Illuminate/Mail/Mailer.php(385): Swift_Mailer->send(Object(Swift_Message), Array)
#4 /Users/amuthuraj/Desktop/Capstone/New_Cassel/vendor/laravel/framework/src/Illuminate/Mail/Mailer.php(171): Illuminate\Mail\Mailer->sendSwiftMessage(Object(Swift_Message))
#5 /Users/amuthuraj/Desktop/Capstone/New_Cassel/vendor/laravel/framework/src/Illuminate/Auth/Passwords/PasswordBroker.php(119): Illuminate\Mail\Mailer->send('auth.emails.pas...', Array, Object(Closure))
#6 /Users/amuthuraj/Desktop/Capstone/New_Cassel/vendor/laravel/framework/src/Illuminate/Auth/Passwords/PasswordBroker.php(93): Illuminate\Auth\Passwords\PasswordBroker->emailResetLink(Object(App\User), 'eb37a2d793c01a8...', Object(Closure))
#7 /Users/amuthuraj/Desktop/Capstone/New_Cassel/vendor/laravel/framework/src/Illuminate/Foundation/Auth/ResetsPasswords.php(80): Illuminate\Auth\Passwords\PasswordBroker->sendResetLink(Array, Object(Closure))
#8 [internal function]: App\Http\Controllers\Auth\PasswordController->sendResetLinkEmail(Object(Illuminate\Http\Request))
#9 /Users/amuthuraj/Desktop/Capstone/New_Cassel/vendor/laravel/framework/src/Illuminate/Routing/Controller.php(80): call_user_func_array(Array, Array)
#10 /Users/amuthuraj/Desktop/Capstone/New_Cassel/vendor/laravel/framework/src/Illuminate/Routing/ControllerDispatcher.php(146): Illuminate\Routing\Controller->callAction('sendResetLinkEm...', Array)
#11 /Users/amuthuraj/Desktop/Capstone/New_Cassel/vendor/laravel/framework/src/Illuminate/Routing/ControllerDispatcher.php(94): Illuminate\Routing\ControllerDispatcher->call(Object(App\Http\Controllers\Auth\PasswordController), Object(Illuminate\Routing\Route), 'sendResetLinkEm...')
#12 [internal function]: Illuminate\Routing\ControllerDispatcher->Illuminate\Routing\{closure}(Object(Illuminate\Http\Request))
#13 /Users/amuthuraj/Desktop/Capstone/New_Cassel/vendor/laravel/framework/src/Illuminate/Routing/Pipeline.php(52): call_user_func(Object(Closure), Object(Illuminate\Http\Request))
#14 /Users/amuthuraj/Desktop/Capstone/New_Cassel/app/Http/Middleware/RedirectIfAuthenticated.php(24): Illuminate\Routing\Pipeline->Illuminate\Routing\{closure}(Object(Illuminate\Http\Request))
#15 [internal function]: App\Http\Middleware\RedirectIfAuthenticated->handle(Object(Illuminate\Http\Request), Object(Closure))
#16 /Users/amuthuraj/Desktop/Capstone/New_Cassel/vendor/laravel/framework/src/Illuminate/Pipeline/Pipeline.php(136): call_user_func_array(Array, Array)
#17 [internal function]: Illuminate\Pipeline\Pipeline->Illuminate\Pipeline\{closure}(Object(Illuminate\Http\Request))
#18 /Users/amuthuraj/Desktop/Capstone/New_Cassel/vendor/laravel/framework/src/Illuminate/Routing/Pipeline.php(32): call_user_func(Object(Closure), Object(Illuminate\Http\Request))
#19 [internal function]: Illuminate\Routing\Pipeline->Illuminate\Routing\{closure}(Object(Illuminate\Http\Request))
#20 /Users/amuthuraj/Desktop/Capstone/New_Cassel/vendor/laravel/framework/src/Illuminate/Pipeline/Pipeline.php(102): call_user_func(Object(Closure), Object(Illuminate\Http\Request))
#21 /Users/amuthuraj/Desktop/Capstone/New_Cassel/vendor/laravel/framework/src/Illuminate/Routing/ControllerDispatcher.php(96): Illuminate\Pipeline\Pipeline->then(Object(Closure))
#22 /Users/amuthuraj/Desktop/Capstone/New_Cassel/vendor/laravel/framework/src/Illuminate/Routing/ControllerDispatcher.php(54): Illuminate\Routing\ControllerDispatcher->callWithinStack(Object(App\Http\Controllers\Auth\PasswordController), Object(Illuminate\Routing\Route), Object(Illuminate\Http\Request), 'sendResetLinkEm...')
#23 /Users/amuthuraj/Desktop/Capstone/New_Cassel/vendor/laravel/framework/src/Illuminate/Routing/Route.php(174): Illuminate\Routing\ControllerDispatcher->dispatch(Object(Illuminate\Routing\Route), Object(Illuminate\Http\Request), 'App\\Http\\Contro...', 'sendResetLinkEm...')
#24 /Users/amuthuraj/Desktop/Capstone/New_Cassel/vendor/laravel/framework/src/Illuminate/Routing/Route.php(140): Illuminate\Routing\Route->runController(Object(Illuminate\Http\Request))
#25 /Users/amuthuraj/Desktop/Capstone/New_Cassel/vendor/laravel/framework/src/Illuminate/Routing/Router.php(724): Illuminate\Routing\Route->run(Object(Illuminate\Http\Request))
#26 [internal function]: Illuminate\Routing\Router->Illuminate\Routing\{closure}(Object(Illuminate\Http\Request))
#27 /Users/amuthuraj/Desktop/Capstone/New_Cassel/vendor/laravel/framework/src/Illuminate/Routing/Pipeline.php(52): call_user_func(Object(Closure), Object(Illuminate\Http\Request))
#28 /Users/amuthuraj/Desktop/Capstone/New_Cassel/vendor/laravel/framework/src/Illuminate/Foundation/Http/Middleware/VerifyCsrfToken.php(64): Illuminate\Routing\Pipeline->Illuminate\Routing\{closure}(Object(Illuminate\Http\Request))
#29 [internal function]: Illuminate\Foundation\Http\Middleware\VerifyCsrfToken->handle(Object(Illuminate\Http\Request), Object(Closure))
#30 /Users/amuthuraj/Desktop/Capstone/New_Cassel/vendor/laravel/framework/src/Illuminate/Pipeline/Pipeline.php(136): call_user_func_array(Array, Array)
#31 [internal function]: Illuminate\Pipeline\Pipeline->Illuminate\Pipeline\{closure}(Object(Illuminate\Http\Request))
#32 /Users/amuthuraj/Desktop/Capstone/New_Cassel/vendor/laravel/framework/src/Illuminate/Routing/Pipeline.php(32): call_user_func(Object(Closure), Object(Illuminate\Http\Request))
#33 /Users/amuthuraj/Desktop/Capstone/New_Cassel/vendor/laravel/framework/src/Illuminate/View/Middleware/ShareErrorsFromSession.php(49): Illuminate\Routing\Pipeline->Illuminate\Routing\{closure}(Object(Illuminate\Http\Request))
#34 [internal function]: Illuminate\View\Middleware\ShareErrorsFromSession->handle(Object(Illuminate\Http\Request), Object(Closure))
#35 /Users/amuthuraj/Desktop/Capstone/New_Cassel/vendor/laravel/framework/src/Illuminate/Pipeline/Pipeline.php(136): call_user_func_array(Array, Array)
#36 [internal function]: Illuminate\Pipeline\Pipeline->Illuminate\Pipeline\{closure}(Object(Illuminate\Http\Request))
#37 /Users/amuthuraj/Desktop/Capstone/New_Cassel/vendor/laravel/framework/src/Illuminate/Routing/Pipeline.php(32): call_user_func(Object(Closure), Object(Illuminate\Http\Request))
#38 /Users/amuthuraj/Desktop/Capstone/New_Cassel/vendor/laravel/framework/src/Illuminate/Session/Middleware/StartSession.php(64): Illuminate\Routing\Pipeline->Illuminate\Routing\{closure}(Object(Illuminate\Http\Request))
#39 [internal function]: Illuminate\Session\Middleware\StartSession->handle(Object(Illuminate\Http\Request), Object(Closure))
#40 /Users/amuthuraj/Desktop/Capstone/New_Cassel/vendor/laravel/framework/src/Illuminate/Pipeline/Pipeline.php(136): call_user_func_array(Array, Array)
#41 [internal function]: Illuminate\Pipeline\Pipeline->Illuminate\Pipeline\{closure}(Object(Illuminate\Http\Request))
#42 /Users/amuthuraj/Desktop/Capstone/New_Cassel/vendor/laravel/framework/src/Illuminate/Routing/Pipeline.php(32): call_user_func(Object(Closure), Object(Illuminate\Http\Request))
#43 /Users/amuthuraj/Desktop/Capstone/New_Cassel/vendor/laravel/framework/src/Illuminate/Cookie/Middleware/AddQueuedCookiesToResponse.php(37): Illuminate\Routing\Pipeline->Illuminate\Routing\{closure}(Object(Illuminate\Http\Request))
#44 [internal function]: Illuminate\Cookie\Middleware\AddQueuedCookiesToResponse->handle(Object(Illuminate\Http\Request), Object(Closure))
#45 /Users/amuthuraj/Desktop/Capstone/New_Cassel/vendor/laravel/framework/src/Illuminate/Pipeline/Pipeline.php(136): call_user_func_array(Array, Array)
#46 [internal function]: Illuminate\Pipeline\Pipeline->Illuminate\Pipeline\{closure}(Object(Illuminate\Http\Request))
#47 /Users/amuthuraj/Desktop/Capstone/New_Cassel/vendor/laravel/framework/src/Illuminate/Routing/Pipeline.php(32): call_user_func(Object(Closure), Object(Illuminate\Http\Request))
#48 /Users/amuthuraj/Desktop/Capstone/New_Cassel/vendor/laravel/framework/src/Illuminate/Cookie/Middleware/EncryptCookies.php(59): Illuminate\Routing\Pipeline->Illuminate\Routing\{closure}(Object(Illuminate\Http\Request))
#49 [internal function]: Illuminate\Cookie\Middleware\EncryptCookies->handle(Object(Illuminate\Http\Request), Object(Closure))
#50 /Users/amuthuraj/Desktop/Capstone/New_Cassel/vendor/laravel/framework/src/Illuminate/Pipeline/Pipeline.php(136): call_user_func_array(Array, Array)
#51 [internal function]: Illuminate\Pipeline\Pipeline->Illuminate\Pipeline\{closure}(Object(Illuminate\Http\Request))
#52 /Users/amuthuraj/Desktop/Capstone/New_Cassel/vendor/laravel/framework/src/Illuminate/Routing/Pipeline.php(32): call_user_func(Object(Closure), Object(Illuminate\Http\Request))
#53 [internal function]: Illuminate\Routing\Pipeline->Illuminate\Routing\{closure}(Object(Illuminate\Http\Request))
#54 /Users/amuthuraj/Desktop/Capstone/New_Cassel/vendor/laravel/framework/src/Illuminate/Pipeline/Pipeline.php(102): call_user_func(Object(Closure), Object(Illuminate\Http\Request))
#55 /Users/amuthuraj/Desktop/Capstone/New_Cassel/vendor/laravel/framework/src/Illuminate/Routing/Router.php(726): Illuminate\Pipeline\Pipeline->then(Object(Closure))
#56 /Users/amuthuraj/Desktop/Capstone/New_Cassel/vendor/laravel/framework/src/Illuminate/Routing/Router.php(699): Illuminate\Routing\Router->runRouteWithinStack(Object(Illuminate\Routing\Route), Object(Illuminate\Http\Request))
#57 /Users/amuthuraj/Desktop/Capstone/New_Cassel/vendor/laravel/framework/src/Illuminate/Routing/Router.php(675): Illuminate\Routing\Router->dispatchToRoute(Object(Illuminate\Http\Request))
#58 /Users/amuthuraj/Desktop/Capstone/New_Cassel/vendor/laravel/framework/src/Illuminate/Foundation/Http/Kernel.php(246): Illuminate\Routing\Router->dispatch(Object(Illuminate\Http\Request))
#59 [internal function]: Illuminate\Foundation\Http\Kernel->Illuminate\Foundation\Http\{closure}(Object(Illuminate\Http\Request))
#60 /Users/amuthuraj/Desktop/Capstone/New_Cassel/vendor/laravel/framework/src/Illuminate/Routing/Pipeline.php(52): call_user_func(Object(Closure), Object(Illuminate\Http\Request))
#61 /Users/amuthuraj/Desktop/Capstone/New_Cassel/vendor/laravel/framework/src/Illuminate/Foundation/Http/Middleware/CheckForMaintenanceMode.php(44): Illuminate\Routing\Pipeline->Illuminate\Routing\{closure}(Object(Illuminate\Http\Request))
#62 [internal function]: Illuminate\Foundation\Http\Middleware\CheckForMaintenanceMode->handle(Object(Illuminate\Http\Request), Object(Closure))
#63 /Users/amuthuraj/Desktop/Capstone/New_Cassel/vendor/laravel/framework/src/Illuminate/Pipeline/Pipeline.php(136): call_user_func_array(Array, Array)
#64 [internal function]: Illuminate\Pipeline\Pipeline->Illuminate\Pipeline\{closure}(Object(Illuminate\Http\Request))
#65 /Users/amuthuraj/Desktop/Capstone/New_Cassel/vendor/laravel/framework/src/Illuminate/Routing/Pipeline.php(32): call_user_func(Object(Closure), Object(Illuminate\Http\Request))
#66 [internal function]: Illuminate\Routing\Pipeline->Illuminate\Routing\{closure}(Object(Illuminate\Http\Request))
#67 /Users/amuthuraj/Desktop/Capstone/New_Cassel/vendor/laravel/framework/src/Illuminate/Pipeline/Pipeline.php(102): call_user_func(Object(Closure), Object(Illuminate\Http\Request))
#68 /Users/amuthuraj/Desktop/Capstone/New_Cassel/vendor/laravel/framework/src/Illuminate/Foundation/Http/Kernel.php(132): Illuminate\Pipeline\Pipeline->then(Object(Closure))
#69 /Users/amuthuraj/Desktop/Capstone/New_Cassel/vendor/laravel/framework/src/Illuminate/Foundation/Http/Kernel.php(99): Illuminate\Foundation\Http\Kernel->sendRequestThroughRouter(Object(Illuminate\Http\Request))
#70 /Users/amuthuraj/Desktop/Capstone/New_Cassel/public/index.php(53): Illuminate\Foundation\Http\Kernel->handle(Object(Illuminate\Http\Request))
#71 /Users/amuthuraj/Desktop/Capstone/New_Cassel/server.php(21): require_once('/Users/amuthura...')
#72 {main}  
[2017-01-21 22:22:02] local.ERROR: Swift_TransportException: Connection to mailtrap.io:2525 Timed Out in /Users/amuthuraj/Desktop/Capstone/New_Cassel/vendor/swiftmailer/swiftmailer/lib/classes/Swift/Transport/AbstractSmtpTransport.php:404
Stack trace:
#0 /Users/amuthuraj/Desktop/Capstone/New_Cassel/vendor/swiftmailer/swiftmailer/lib/classes/Swift/Transport/AbstractSmtpTransport.php(289): Swift_Transport_AbstractSmtpTransport->_getFullResponse(0)
#1 /Users/amuthuraj/Desktop/Capstone/New_Cassel/vendor/swiftmailer/swiftmailer/lib/classes/Swift/Transport/AbstractSmtpTransport.php(117): Swift_Transport_AbstractSmtpTransport->_readGreeting()
#2 /Users/amuthuraj/Desktop/Capstone/New_Cassel/vendor/swiftmailer/swiftmailer/lib/classes/Swift/Mailer.php(79): Swift_Transport_AbstractSmtpTransport->start()
#3 /Users/amuthuraj/Desktop/Capstone/New_Cassel/vendor/laravel/framework/src/Illuminate/Mail/Mailer.php(385): Swift_Mailer->send(Object(Swift_Message), Array)
#4 /Users/amuthuraj/Desktop/Capstone/New_Cassel/vendor/laravel/framework/src/Illuminate/Mail/Mailer.php(171): Illuminate\Mail\Mailer->sendSwiftMessage(Object(Swift_Message))
#5 /Users/amuthuraj/Desktop/Capstone/New_Cassel/vendor/laravel/framework/src/Illuminate/Auth/Passwords/PasswordBroker.php(119): Illuminate\Mail\Mailer->send('auth.emails.pas...', Array, Object(Closure))
#6 /Users/amuthuraj/Desktop/Capstone/New_Cassel/vendor/laravel/framework/src/Illuminate/Auth/Passwords/PasswordBroker.php(93): Illuminate\Auth\Passwords\PasswordBroker->emailResetLink(Object(App\User), 'e0e363a891199f8...', Object(Closure))
#7 /Users/amuthuraj/Desktop/Capstone/New_Cassel/vendor/laravel/framework/src/Illuminate/Foundation/Auth/ResetsPasswords.php(80): Illuminate\Auth\Passwords\PasswordBroker->sendResetLink(Array, Object(Closure))
#8 [internal function]: App\Http\Controllers\Auth\PasswordController->sendResetLinkEmail(Object(Illuminate\Http\Request))
#9 /Users/amuthuraj/Desktop/Capstone/New_Cassel/vendor/laravel/framework/src/Illuminate/Routing/Controller.php(80): call_user_func_array(Array, Array)
#10 /Users/amuthuraj/Desktop/Capstone/New_Cassel/vendor/laravel/framework/src/Illuminate/Routing/ControllerDispatcher.php(146): Illuminate\Routing\Controller->callAction('sendResetLinkEm...', Array)
#11 /Users/amuthuraj/Desktop/Capstone/New_Cassel/vendor/laravel/framework/src/Illuminate/Routing/ControllerDispatcher.php(94): Illuminate\Routing\ControllerDispatcher->call(Object(App\Http\Controllers\Auth\PasswordController), Object(Illuminate\Routing\Route), 'sendResetLinkEm...')
#12 [internal function]: Illuminate\Routing\ControllerDispatcher->Illuminate\Routing\{closure}(Object(Illuminate\Http\Request))
#13 /Users/amuthuraj/Desktop/Capstone/New_Cassel/vendor/laravel/framework/src/Illuminate/Routing/Pipeline.php(52): call_user_func(Object(Closure), Object(Illuminate\Http\Request))
#14 /Users/amuthuraj/Desktop/Capstone/New_Cassel/app/Http/Middleware/RedirectIfAuthenticated.php(24): Illuminate\Routing\Pipeline->Illuminate\Routing\{closure}(Object(Illuminate\Http\Request))
#15 [internal function]: App\Http\Middleware\RedirectIfAuthenticated->handle(Object(Illuminate\Http\Request), Object(Closure))
#16 /Users/amuthuraj/Desktop/Capstone/New_Cassel/vendor/laravel/framework/src/Illuminate/Pipeline/Pipeline.php(136): call_user_func_array(Array, Array)
#17 [internal function]: Illuminate\Pipeline\Pipeline->Illuminate\Pipeline\{closure}(Object(Illuminate\Http\Request))
#18 /Users/amuthuraj/Desktop/Capstone/New_Cassel/vendor/laravel/framework/src/Illuminate/Routing/Pipeline.php(32): call_user_func(Object(Closure), Object(Illuminate\Http\Request))
#19 [internal function]: Illuminate\Routing\Pipeline->Illuminate\Routing\{closure}(Object(Illuminate\Http\Request))
#20 /Users/amuthuraj/Desktop/Capstone/New_Cassel/vendor/laravel/framework/src/Illuminate/Pipeline/Pipeline.php(102): call_user_func(Object(Closure), Object(Illuminate\Http\Request))
#21 /Users/amuthuraj/Desktop/Capstone/New_Cassel/vendor/laravel/framework/src/Illuminate/Routing/ControllerDispatcher.php(96): Illuminate\Pipeline\Pipeline->then(Object(Closure))
#22 /Users/amuthuraj/Desktop/Capstone/New_Cassel/vendor/laravel/framework/src/Illuminate/Routing/ControllerDispatcher.php(54): Illuminate\Routing\ControllerDispatcher->callWithinStack(Object(App\Http\Controllers\Auth\PasswordController), Object(Illuminate\Routing\Route), Object(Illuminate\Http\Request), 'sendResetLinkEm...')
#23 /Users/amuthuraj/Desktop/Capstone/New_Cassel/vendor/laravel/framework/src/Illuminate/Routing/Route.php(174): Illuminate\Routing\ControllerDispatcher->dispatch(Object(Illuminate\Routing\Route), Object(Illuminate\Http\Request), 'App\\Http\\Contro...', 'sendResetLinkEm...')
#24 /Users/amuthuraj/Desktop/Capstone/New_Cassel/vendor/laravel/framework/src/Illuminate/Routing/Route.php(140): Illuminate\Routing\Route->runController(Object(Illuminate\Http\Request))
#25 /Users/amuthuraj/Desktop/Capstone/New_Cassel/vendor/laravel/framework/src/Illuminate/Routing/Router.php(724): Illuminate\Routing\Route->run(Object(Illuminate\Http\Request))
#26 [internal function]: Illuminate\Routing\Router->Illuminate\Routing\{closure}(Object(Illuminate\Http\Request))
#27 /Users/amuthuraj/Desktop/Capstone/New_Cassel/vendor/laravel/framework/src/Illuminate/Routing/Pipeline.php(52): call_user_func(Object(Closure), Object(Illuminate\Http\Request))
#28 /Users/amuthuraj/Desktop/Capstone/New_Cassel/vendor/laravel/framework/src/Illuminate/Foundation/Http/Middleware/VerifyCsrfToken.php(64): Illuminate\Routing\Pipeline->Illuminate\Routing\{closure}(Object(Illuminate\Http\Request))
#29 [internal function]: Illuminate\Foundation\Http\Middleware\VerifyCsrfToken->handle(Object(Illuminate\Http\Request), Object(Closure))
#30 /Users/amuthuraj/Desktop/Capstone/New_Cassel/vendor/laravel/framework/src/Illuminate/Pipeline/Pipeline.php(136): call_user_func_array(Array, Array)
#31 [internal function]: Illuminate\Pipeline\Pipeline->Illuminate\Pipeline\{closure}(Object(Illuminate\Http\Request))
#32 /Users/amuthuraj/Desktop/Capstone/New_Cassel/vendor/laravel/framework/src/Illuminate/Routing/Pipeline.php(32): call_user_func(Object(Closure), Object(Illuminate\Http\Request))
#33 /Users/amuthuraj/Desktop/Capstone/New_Cassel/vendor/laravel/framework/src/Illuminate/View/Middleware/ShareErrorsFromSession.php(49): Illuminate\Routing\Pipeline->Illuminate\Routing\{closure}(Object(Illuminate\Http\Request))
#34 [internal function]: Illuminate\View\Middleware\ShareErrorsFromSession->handle(Object(Illuminate\Http\Request), Object(Closure))
#35 /Users/amuthuraj/Desktop/Capstone/New_Cassel/vendor/laravel/framework/src/Illuminate/Pipeline/Pipeline.php(136): call_user_func_array(Array, Array)
#36 [internal function]: Illuminate\Pipeline\Pipeline->Illuminate\Pipeline\{closure}(Object(Illuminate\Http\Request))
#37 /Users/amuthuraj/Desktop/Capstone/New_Cassel/vendor/laravel/framework/src/Illuminate/Routing/Pipeline.php(32): call_user_func(Object(Closure), Object(Illuminate\Http\Request))
#38 /Users/amuthuraj/Desktop/Capstone/New_Cassel/vendor/laravel/framework/src/Illuminate/Session/Middleware/StartSession.php(64): Illuminate\Routing\Pipeline->Illuminate\Routing\{closure}(Object(Illuminate\Http\Request))
#39 [internal function]: Illuminate\Session\Middleware\StartSession->handle(Object(Illuminate\Http\Request), Object(Closure))
#40 /Users/amuthuraj/Desktop/Capstone/New_Cassel/vendor/laravel/framework/src/Illuminate/Pipeline/Pipeline.php(136): call_user_func_array(Array, Array)
#41 [internal function]: Illuminate\Pipeline\Pipeline->Illuminate\Pipeline\{closure}(Object(Illuminate\Http\Request))
#42 /Users/amuthuraj/Desktop/Capstone/New_Cassel/vendor/laravel/framework/src/Illuminate/Routing/Pipeline.php(32): call_user_func(Object(Closure), Object(Illuminate\Http\Request))
#43 /Users/amuthuraj/Desktop/Capstone/New_Cassel/vendor/laravel/framework/src/Illuminate/Cookie/Middleware/AddQueuedCookiesToResponse.php(37): Illuminate\Routing\Pipeline->Illuminate\Routing\{closure}(Object(Illuminate\Http\Request))
#44 [internal function]: Illuminate\Cookie\Middleware\AddQueuedCookiesToResponse->handle(Object(Illuminate\Http\Request), Object(Closure))
#45 /Users/amuthuraj/Desktop/Capstone/New_Cassel/vendor/laravel/framework/src/Illuminate/Pipeline/Pipeline.php(136): call_user_func_array(Array, Array)
#46 [internal function]: Illuminate\Pipeline\Pipeline->Illuminate\Pipeline\{closure}(Object(Illuminate\Http\Request))
#47 /Users/amuthuraj/Desktop/Capstone/New_Cassel/vendor/laravel/framework/src/Illuminate/Routing/Pipeline.php(32): call_user_func(Object(Closure), Object(Illuminate\Http\Request))
#48 /Users/amuthuraj/Desktop/Capstone/New_Cassel/vendor/laravel/framework/src/Illuminate/Cookie/Middleware/EncryptCookies.php(59): Illuminate\Routing\Pipeline->Illuminate\Routing\{closure}(Object(Illuminate\Http\Request))
#49 [internal function]: Illuminate\Cookie\Middleware\EncryptCookies->handle(Object(Illuminate\Http\Request), Object(Closure))
#50 /Users/amuthuraj/Desktop/Capstone/New_Cassel/vendor/laravel/framework/src/Illuminate/Pipeline/Pipeline.php(136): call_user_func_array(Array, Array)
#51 [internal function]: Illuminate\Pipeline\Pipeline->Illuminate\Pipeline\{closure}(Object(Illuminate\Http\Request))
#52 /Users/amuthuraj/Desktop/Capstone/New_Cassel/vendor/laravel/framework/src/Illuminate/Routing/Pipeline.php(32): call_user_func(Object(Closure), Object(Illuminate\Http\Request))
#53 [internal function]: Illuminate\Routing\Pipeline->Illuminate\Routing\{closure}(Object(Illuminate\Http\Request))
#54 /Users/amuthuraj/Desktop/Capstone/New_Cassel/vendor/laravel/framework/src/Illuminate/Pipeline/Pipeline.php(102): call_user_func(Object(Closure), Object(Illuminate\Http\Request))
#55 /Users/amuthuraj/Desktop/Capstone/New_Cassel/vendor/laravel/framework/src/Illuminate/Routing/Router.php(726): Illuminate\Pipeline\Pipeline->then(Object(Closure))
#56 /Users/amuthuraj/Desktop/Capstone/New_Cassel/vendor/laravel/framework/src/Illuminate/Routing/Router.php(699): Illuminate\Routing\Router->runRouteWithinStack(Object(Illuminate\Routing\Route), Object(Illuminate\Http\Request))
#57 /Users/amuthuraj/Desktop/Capstone/New_Cassel/vendor/laravel/framework/src/Illuminate/Routing/Router.php(675): Illuminate\Routing\Router->dispatchToRoute(Object(Illuminate\Http\Request))
#58 /Users/amuthuraj/Desktop/Capstone/New_Cassel/vendor/laravel/framework/src/Illuminate/Foundation/Http/Kernel.php(246): Illuminate\Routing\Router->dispatch(Object(Illuminate\Http\Request))
#59 [internal function]: Illuminate\Foundation\Http\Kernel->Illuminate\Foundation\Http\{closure}(Object(Illuminate\Http\Request))
#60 /Users/amuthuraj/Desktop/Capstone/New_Cassel/vendor/laravel/framework/src/Illuminate/Routing/Pipeline.php(52): call_user_func(Object(Closure), Object(Illuminate\Http\Request))
#61 /Users/amuthuraj/Desktop/Capstone/New_Cassel/vendor/laravel/framework/src/Illuminate/Foundation/Http/Middleware/CheckForMaintenanceMode.php(44): Illuminate\Routing\Pipeline->Illuminate\Routing\{closure}(Object(Illuminate\Http\Request))
#62 [internal function]: Illuminate\Foundation\Http\Middleware\CheckForMaintenanceMode->handle(Object(Illuminate\Http\Request), Object(Closure))
#63 /Users/amuthuraj/Desktop/Capstone/New_Cassel/vendor/laravel/framework/src/Illuminate/Pipeline/Pipeline.php(136): call_user_func_array(Array, Array)
#64 [internal function]: Illuminate\Pipeline\Pipeline->Illuminate\Pipeline\{closure}(Object(Illuminate\Http\Request))
#65 /Users/amuthuraj/Desktop/Capstone/New_Cassel/vendor/laravel/framework/src/Illuminate/Routing/Pipeline.php(32): call_user_func(Object(Closure), Object(Illuminate\Http\Request))
#66 [internal function]: Illuminate\Routing\Pipeline->Illuminate\Routing\{closure}(Object(Illuminate\Http\Request))
#67 /Users/amuthuraj/Desktop/Capstone/New_Cassel/vendor/laravel/framework/src/Illuminate/Pipeline/Pipeline.php(102): call_user_func(Object(Closure), Object(Illuminate\Http\Request))
#68 /Users/amuthuraj/Desktop/Capstone/New_Cassel/vendor/laravel/framework/src/Illuminate/Foundation/Http/Kernel.php(132): Illuminate\Pipeline\Pipeline->then(Object(Closure))
#69 /Users/amuthuraj/Desktop/Capstone/New_Cassel/vendor/laravel/framework/src/Illuminate/Foundation/Http/Kernel.php(99): Illuminate\Foundation\Http\Kernel->sendRequestThroughRouter(Object(Illuminate\Http\Request))
#70 /Users/amuthuraj/Desktop/Capstone/New_Cassel/public/index.php(53): Illuminate\Foundation\Http\Kernel->handle(Object(Illuminate\Http\Request))
#71 /Users/amuthuraj/Desktop/Capstone/New_Cassel/server.php(21): require_once('/Users/amuthura...')
#72 {main}  
[2017-01-21 22:45:37] local.ERROR: Swift_TransportException: Connection to mailtrap.io:2525 Timed Out in /Users/amuthuraj/Desktop/Capstone/New_Cassel/vendor/swiftmailer/swiftmailer/lib/classes/Swift/Transport/AbstractSmtpTransport.php:404
Stack trace:
#0 /Users/amuthuraj/Desktop/Capstone/New_Cassel/vendor/swiftmailer/swiftmailer/lib/classes/Swift/Transport/AbstractSmtpTransport.php(289): Swift_Transport_AbstractSmtpTransport->_getFullResponse(0)
#1 /Users/amuthuraj/Desktop/Capstone/New_Cassel/vendor/swiftmailer/swiftmailer/lib/classes/Swift/Transport/AbstractSmtpTransport.php(117): Swift_Transport_AbstractSmtpTransport->_readGreeting()
#2 /Users/amuthuraj/Desktop/Capstone/New_Cassel/vendor/swiftmailer/swiftmailer/lib/classes/Swift/Mailer.php(79): Swift_Transport_AbstractSmtpTransport->start()
#3 /Users/amuthuraj/Desktop/Capstone/New_Cassel/vendor/laravel/framework/src/Illuminate/Mail/Mailer.php(385): Swift_Mailer->send(Object(Swift_Message), Array)
#4 /Users/amuthuraj/Desktop/Capstone/New_Cassel/vendor/laravel/framework/src/Illuminate/Mail/Mailer.php(171): Illuminate\Mail\Mailer->sendSwiftMessage(Object(Swift_Message))
#5 /Users/amuthuraj/Desktop/Capstone/New_Cassel/vendor/laravel/framework/src/Illuminate/Auth/Passwords/PasswordBroker.php(119): Illuminate\Mail\Mailer->send('auth.emails.pas...', Array, Object(Closure))
#6 /Users/amuthuraj/Desktop/Capstone/New_Cassel/vendor/laravel/framework/src/Illuminate/Auth/Passwords/PasswordBroker.php(93): Illuminate\Auth\Passwords\PasswordBroker->emailResetLink(Object(App\User), 'ec2a56c95276ac9...', Object(Closure))
#7 /Users/amuthuraj/Desktop/Capstone/New_Cassel/vendor/laravel/framework/src/Illuminate/Foundation/Auth/ResetsPasswords.php(80): Illuminate\Auth\Passwords\PasswordBroker->sendResetLink(Array, Object(Closure))
#8 [internal function]: App\Http\Controllers\Auth\PasswordController->sendResetLinkEmail(Object(Illuminate\Http\Request))
#9 /Users/amuthuraj/Desktop/Capstone/New_Cassel/vendor/laravel/framework/src/Illuminate/Routing/Controller.php(80): call_user_func_array(Array, Array)
#10 /Users/amuthuraj/Desktop/Capstone/New_Cassel/vendor/laravel/framework/src/Illuminate/Routing/ControllerDispatcher.php(146): Illuminate\Routing\Controller->callAction('sendResetLinkEm...', Array)
#11 /Users/amuthuraj/Desktop/Capstone/New_Cassel/vendor/laravel/framework/src/Illuminate/Routing/ControllerDispatcher.php(94): Illuminate\Routing\ControllerDispatcher->call(Object(App\Http\Controllers\Auth\PasswordController), Object(Illuminate\Routing\Route), 'sendResetLinkEm...')
#12 [internal function]: Illuminate\Routing\ControllerDispatcher->Illuminate\Routing\{closure}(Object(Illuminate\Http\Request))
#13 /Users/amuthuraj/Desktop/Capstone/New_Cassel/vendor/laravel/framework/src/Illuminate/Routing/Pipeline.php(52): call_user_func(Object(Closure), Object(Illuminate\Http\Request))
#14 /Users/amuthuraj/Desktop/Capstone/New_Cassel/app/Http/Middleware/RedirectIfAuthenticated.php(24): Illuminate\Routing\Pipeline->Illuminate\Routing\{closure}(Object(Illuminate\Http\Request))
#15 [internal function]: App\Http\Middleware\RedirectIfAuthenticated->handle(Object(Illuminate\Http\Request), Object(Closure))
#16 /Users/amuthuraj/Desktop/Capstone/New_Cassel/vendor/laravel/framework/src/Illuminate/Pipeline/Pipeline.php(136): call_user_func_array(Array, Array)
#17 [internal function]: Illuminate\Pipeline\Pipeline->Illuminate\Pipeline\{closure}(Object(Illuminate\Http\Request))
#18 /Users/amuthuraj/Desktop/Capstone/New_Cassel/vendor/laravel/framework/src/Illuminate/Routing/Pipeline.php(32): call_user_func(Object(Closure), Object(Illuminate\Http\Request))
#19 [internal function]: Illuminate\Routing\Pipeline->Illuminate\Routing\{closure}(Object(Illuminate\Http\Request))
#20 /Users/amuthuraj/Desktop/Capstone/New_Cassel/vendor/laravel/framework/src/Illuminate/Pipeline/Pipeline.php(102): call_user_func(Object(Closure), Object(Illuminate\Http\Request))
#21 /Users/amuthuraj/Desktop/Capstone/New_Cassel/vendor/laravel/framework/src/Illuminate/Routing/ControllerDispatcher.php(96): Illuminate\Pipeline\Pipeline->then(Object(Closure))
#22 /Users/amuthuraj/Desktop/Capstone/New_Cassel/vendor/laravel/framework/src/Illuminate/Routing/ControllerDispatcher.php(54): Illuminate\Routing\ControllerDispatcher->callWithinStack(Object(App\Http\Controllers\Auth\PasswordController), Object(Illuminate\Routing\Route), Object(Illuminate\Http\Request), 'sendResetLinkEm...')
#23 /Users/amuthuraj/Desktop/Capstone/New_Cassel/vendor/laravel/framework/src/Illuminate/Routing/Route.php(174): Illuminate\Routing\ControllerDispatcher->dispatch(Object(Illuminate\Routing\Route), Object(Illuminate\Http\Request), 'App\\Http\\Contro...', 'sendResetLinkEm...')
#24 /Users/amuthuraj/Desktop/Capstone/New_Cassel/vendor/laravel/framework/src/Illuminate/Routing/Route.php(140): Illuminate\Routing\Route->runController(Object(Illuminate\Http\Request))
#25 /Users/amuthuraj/Desktop/Capstone/New_Cassel/vendor/laravel/framework/src/Illuminate/Routing/Router.php(724): Illuminate\Routing\Route->run(Object(Illuminate\Http\Request))
#26 [internal function]: Illuminate\Routing\Router->Illuminate\Routing\{closure}(Object(Illuminate\Http\Request))
#27 /Users/amuthuraj/Desktop/Capstone/New_Cassel/vendor/laravel/framework/src/Illuminate/Routing/Pipeline.php(52): call_user_func(Object(Closure), Object(Illuminate\Http\Request))
#28 /Users/amuthuraj/Desktop/Capstone/New_Cassel/vendor/laravel/framework/src/Illuminate/Foundation/Http/Middleware/VerifyCsrfToken.php(64): Illuminate\Routing\Pipeline->Illuminate\Routing\{closure}(Object(Illuminate\Http\Request))
#29 [internal function]: Illuminate\Foundation\Http\Middleware\VerifyCsrfToken->handle(Object(Illuminate\Http\Request), Object(Closure))
#30 /Users/amuthuraj/Desktop/Capstone/New_Cassel/vendor/laravel/framework/src/Illuminate/Pipeline/Pipeline.php(136): call_user_func_array(Array, Array)
#31 [internal function]: Illuminate\Pipeline\Pipeline->Illuminate\Pipeline\{closure}(Object(Illuminate\Http\Request))
#32 /Users/amuthuraj/Desktop/Capstone/New_Cassel/vendor/laravel/framework/src/Illuminate/Routing/Pipeline.php(32): call_user_func(Object(Closure), Object(Illuminate\Http\Request))
#33 /Users/amuthuraj/Desktop/Capstone/New_Cassel/vendor/laravel/framework/src/Illuminate/View/Middleware/ShareErrorsFromSession.php(49): Illuminate\Routing\Pipeline->Illuminate\Routing\{closure}(Object(Illuminate\Http\Request))
#34 [internal function]: Illuminate\View\Middleware\ShareErrorsFromSession->handle(Object(Illuminate\Http\Request), Object(Closure))
#35 /Users/amuthuraj/Desktop/Capstone/New_Cassel/vendor/laravel/framework/src/Illuminate/Pipeline/Pipeline.php(136): call_user_func_array(Array, Array)
#36 [internal function]: Illuminate\Pipeline\Pipeline->Illuminate\Pipeline\{closure}(Object(Illuminate\Http\Request))
#37 /Users/amuthuraj/Desktop/Capstone/New_Cassel/vendor/laravel/framework/src/Illuminate/Routing/Pipeline.php(32): call_user_func(Object(Closure), Object(Illuminate\Http\Request))
#38 /Users/amuthuraj/Desktop/Capstone/New_Cassel/vendor/laravel/framework/src/Illuminate/Session/Middleware/StartSession.php(64): Illuminate\Routing\Pipeline->Illuminate\Routing\{closure}(Object(Illuminate\Http\Request))
#39 [internal function]: Illuminate\Session\Middleware\StartSession->handle(Object(Illuminate\Http\Request), Object(Closure))
#40 /Users/amuthuraj/Desktop/Capstone/New_Cassel/vendor/laravel/framework/src/Illuminate/Pipeline/Pipeline.php(136): call_user_func_array(Array, Array)
#41 [internal function]: Illuminate\Pipeline\Pipeline->Illuminate\Pipeline\{closure}(Object(Illuminate\Http\Request))
#42 /Users/amuthuraj/Desktop/Capstone/New_Cassel/vendor/laravel/framework/src/Illuminate/Routing/Pipeline.php(32): call_user_func(Object(Closure), Object(Illuminate\Http\Request))
#43 /Users/amuthuraj/Desktop/Capstone/New_Cassel/vendor/laravel/framework/src/Illuminate/Cookie/Middleware/AddQueuedCookiesToResponse.php(37): Illuminate\Routing\Pipeline->Illuminate\Routing\{closure}(Object(Illuminate\Http\Request))
#44 [internal function]: Illuminate\Cookie\Middleware\AddQueuedCookiesToResponse->handle(Object(Illuminate\Http\Request), Object(Closure))
#45 /Users/amuthuraj/Desktop/Capstone/New_Cassel/vendor/laravel/framework/src/Illuminate/Pipeline/Pipeline.php(136): call_user_func_array(Array, Array)
#46 [internal function]: Illuminate\Pipeline\Pipeline->Illuminate\Pipeline\{closure}(Object(Illuminate\Http\Request))
#47 /Users/amuthuraj/Desktop/Capstone/New_Cassel/vendor/laravel/framework/src/Illuminate/Routing/Pipeline.php(32): call_user_func(Object(Closure), Object(Illuminate\Http\Request))
#48 /Users/amuthuraj/Desktop/Capstone/New_Cassel/vendor/laravel/framework/src/Illuminate/Cookie/Middleware/EncryptCookies.php(59): Illuminate\Routing\Pipeline->Illuminate\Routing\{closure}(Object(Illuminate\Http\Request))
#49 [internal function]: Illuminate\Cookie\Middleware\EncryptCookies->handle(Object(Illuminate\Http\Request), Object(Closure))
#50 /Users/amuthuraj/Desktop/Capstone/New_Cassel/vendor/laravel/framework/src/Illuminate/Pipeline/Pipeline.php(136): call_user_func_array(Array, Array)
#51 [internal function]: Illuminate\Pipeline\Pipeline->Illuminate\Pipeline\{closure}(Object(Illuminate\Http\Request))
#52 /Users/amuthuraj/Desktop/Capstone/New_Cassel/vendor/laravel/framework/src/Illuminate/Routing/Pipeline.php(32): call_user_func(Object(Closure), Object(Illuminate\Http\Request))
#53 [internal function]: Illuminate\Routing\Pipeline->Illuminate\Routing\{closure}(Object(Illuminate\Http\Request))
#54 /Users/amuthuraj/Desktop/Capstone/New_Cassel/vendor/laravel/framework/src/Illuminate/Pipeline/Pipeline.php(102): call_user_func(Object(Closure), Object(Illuminate\Http\Request))
#55 /Users/amuthuraj/Desktop/Capstone/New_Cassel/vendor/laravel/framework/src/Illuminate/Routing/Router.php(726): Illuminate\Pipeline\Pipeline->then(Object(Closure))
#56 /Users/amuthuraj/Desktop/Capstone/New_Cassel/vendor/laravel/framework/src/Illuminate/Routing/Router.php(699): Illuminate\Routing\Router->runRouteWithinStack(Object(Illuminate\Routing\Route), Object(Illuminate\Http\Request))
#57 /Users/amuthuraj/Desktop/Capstone/New_Cassel/vendor/laravel/framework/src/Illuminate/Routing/Router.php(675): Illuminate\Routing\Router->dispatchToRoute(Object(Illuminate\Http\Request))
#58 /Users/amuthuraj/Desktop/Capstone/New_Cassel/vendor/laravel/framework/src/Illuminate/Foundation/Http/Kernel.php(246): Illuminate\Routing\Router->dispatch(Object(Illuminate\Http\Request))
#59 [internal function]: Illuminate\Foundation\Http\Kernel->Illuminate\Foundation\Http\{closure}(Object(Illuminate\Http\Request))
#60 /Users/amuthuraj/Desktop/Capstone/New_Cassel/vendor/laravel/framework/src/Illuminate/Routing/Pipeline.php(52): call_user_func(Object(Closure), Object(Illuminate\Http\Request))
#61 /Users/amuthuraj/Desktop/Capstone/New_Cassel/vendor/laravel/framework/src/Illuminate/Foundation/Http/Middleware/CheckForMaintenanceMode.php(44): Illuminate\Routing\Pipeline->Illuminate\Routing\{closure}(Object(Illuminate\Http\Request))
#62 [internal function]: Illuminate\Foundation\Http\Middleware\CheckForMaintenanceMode->handle(Object(Illuminate\Http\Request), Object(Closure))
#63 /Users/amuthuraj/Desktop/Capstone/New_Cassel/vendor/laravel/framework/src/Illuminate/Pipeline/Pipeline.php(136): call_user_func_array(Array, Array)
#64 [internal function]: Illuminate\Pipeline\Pipeline->Illuminate\Pipeline\{closure}(Object(Illuminate\Http\Request))
#65 /Users/amuthuraj/Desktop/Capstone/New_Cassel/vendor/laravel/framework/src/Illuminate/Routing/Pipeline.php(32): call_user_func(Object(Closure), Object(Illuminate\Http\Request))
#66 [internal function]: Illuminate\Routing\Pipeline->Illuminate\Routing\{closure}(Object(Illuminate\Http\Request))
#67 /Users/amuthuraj/Desktop/Capstone/New_Cassel/vendor/laravel/framework/src/Illuminate/Pipeline/Pipeline.php(102): call_user_func(Object(Closure), Object(Illuminate\Http\Request))
#68 /Users/amuthuraj/Desktop/Capstone/New_Cassel/vendor/laravel/framework/src/Illuminate/Foundation/Http/Kernel.php(132): Illuminate\Pipeline\Pipeline->then(Object(Closure))
#69 /Users/amuthuraj/Desktop/Capstone/New_Cassel/vendor/laravel/framework/src/Illuminate/Foundation/Http/Kernel.php(99): Illuminate\Foundation\Http\Kernel->sendRequestThroughRouter(Object(Illuminate\Http\Request))
#70 /Users/amuthuraj/Desktop/Capstone/New_Cassel/public/index.php(53): Illuminate\Foundation\Http\Kernel->handle(Object(Illuminate\Http\Request))
#71 /Users/amuthuraj/Desktop/Capstone/New_Cassel/server.php(21): require_once('/Users/amuthura...')
#72 {main}  
