[2017-01-30 02:18:30] local.ERROR: InvalidArgumentException: View [ausdfth.login] not found. in /Users/amuthuraj/Desktop/Capstone/New_Cassel/vendor/laravel/framework/src/Illuminate/View/FileViewFinder.php:137
Stack trace:
#0 /Users/amuthuraj/Desktop/Capstone/New_Cassel/vendor/laravel/framework/src/Illuminate/View/FileViewFinder.php(79): Illuminate\View\FileViewFinder->findInPaths('ausdfth.login', Array)
#1 /Users/amuthuraj/Desktop/Capstone/New_Cassel/vendor/laravel/framework/src/Illuminate/View/Factory.php(165): Illuminate\View\FileViewFinder->find('ausdfth.login')
#2 /Users/amuthuraj/Desktop/Capstone/New_Cassel/vendor/laravel/framework/src/Illuminate/Foundation/helpers.php(779): Illuminate\View\Factory->make('ausdfth.login', Array, Array)
#3 /Users/amuthuraj/Desktop/Capstone/New_Cassel/app/Http/routes.php(23): view('ausdfth/login')
#4 [internal function]: App\Providers\RouteServiceProvider->{closure}()
#5 /Users/amuthuraj/Desktop/Capstone/New_Cassel/vendor/laravel/framework/src/Illuminate/Routing/Route.php(158): call_user_func_array(Object(Closure), Array)
#6 /Users/amuthuraj/Desktop/Capstone/New_Cassel/vendor/laravel/framework/src/Illuminate/Routing/Route.php(137): Illuminate\Routing\Route->runCallable(Object(Illuminate\Http\Request))
#7 /Users/amuthuraj/Desktop/Capstone/New_Cassel/vendor/laravel/framework/src/Illuminate/Routing/Router.php(724): Illuminate\Routing\Route->run(Object(Illuminate\Http\Request))
#8 [internal function]: Illuminate\Routing\Router->Illuminate\Routing\{closure}(Object(Illuminate\Http\Request))
#9 /Users/amuthuraj/Desktop/Capstone/New_Cassel/vendor/laravel/framework/src/Illuminate/Routing/Pipeline.php(52): call_user_func(Object(Closure), Object(Illuminate\Http\Request))
#10 /Users/amuthuraj/Desktop/Capstone/New_Cassel/vendor/laravel/framework/src/Illuminate/Foundation/Http/Middleware/VerifyCsrfToken.php(64): Illuminate\Routing\Pipeline->Illuminate\Routing\{closure}(Object(Illuminate\Http\Request))
#11 [internal function]: Illuminate\Foundation\Http\Middleware\VerifyCsrfToken->handle(Object(Illuminate\Http\Request), Object(Closure))
#12 /Users/amuthuraj/Desktop/Capstone/New_Cassel/vendor/laravel/framework/src/Illuminate/Pipeline/Pipeline.php(136): call_user_func_array(Array, Array)
#13 [internal function]: Illuminate\Pipeline\Pipeline->Illuminate\Pipeline\{closure}(Object(Illuminate\Http\Request))
#14 /Users/amuthuraj/Desktop/Capstone/New_Cassel/vendor/laravel/framework/src/Illuminate/Routing/Pipeline.php(32): call_user_func(Object(Closure), Object(Illuminate\Http\Request))
#15 /Users/amuthuraj/Desktop/Capstone/New_Cassel/vendor/laravel/framework/src/Illuminate/View/Middleware/ShareErrorsFromSession.php(49): Illuminate\Routing\Pipeline->Illuminate\Routing\{closure}(Object(Illuminate\Http\Request))
#16 [internal function]: Illuminate\View\Middleware\ShareErrorsFromSession->handle(Object(Illuminate\Http\Request), Object(Closure))
#17 /Users/amuthuraj/Desktop/Capstone/New_Cassel/vendor/laravel/framework/src/Illuminate/Pipeline/Pipeline.php(136): call_user_func_array(Array, Array)
#18 [internal function]: Illuminate\Pipeline\Pipeline->Illuminate\Pipeline\{closure}(Object(Illuminate\Http\Request))
#19 /Users/amuthuraj/Desktop/Capstone/New_Cassel/vendor/laravel/framework/src/Illuminate/Routing/Pipeline.php(32): call_user_func(Object(Closure), Object(Illuminate\Http\Request))
#20 /Users/amuthuraj/Desktop/Capstone/New_Cassel/vendor/laravel/framework/src/Illuminate/Session/Middleware/StartSession.php(64): Illuminate\Routing\Pipeline->Illuminate\Routing\{closure}(Object(Illuminate\Http\Request))
#21 [internal function]: Illuminate\Session\Middleware\StartSession->handle(Object(Illuminate\Http\Request), Object(Closure))
#22 /Users/amuthuraj/Desktop/Capstone/New_Cassel/vendor/laravel/framework/src/Illuminate/Pipeline/Pipeline.php(136): call_user_func_array(Array, Array)
#23 [internal function]: Illuminate\Pipeline\Pipeline->Illuminate\Pipeline\{closure}(Object(Illuminate\Http\Request))
#24 /Users/amuthuraj/Desktop/Capstone/New_Cassel/vendor/laravel/framework/src/Illuminate/Routing/Pipeline.php(32): call_user_func(Object(Closure), Object(Illuminate\Http\Request))
#25 /Users/amuthuraj/Desktop/Capstone/New_Cassel/vendor/laravel/framework/src/Illuminate/Cookie/Middleware/AddQueuedCookiesToResponse.php(37): Illuminate\Routing\Pipeline->Illuminate\Routing\{closure}(Object(Illuminate\Http\Request))
#26 [internal function]: Illuminate\Cookie\Middleware\AddQueuedCookiesToResponse->handle(Object(Illuminate\Http\Request), Object(Closure))
#27 /Users/amuthuraj/Desktop/Capstone/New_Cassel/vendor/laravel/framework/src/Illuminate/Pipeline/Pipeline.php(136): call_user_func_array(Array, Array)
#28 [internal function]: Illuminate\Pipeline\Pipeline->Illuminate\Pipeline\{closure}(Object(Illuminate\Http\Request))
#29 /Users/amuthuraj/Desktop/Capstone/New_Cassel/vendor/laravel/framework/src/Illuminate/Routing/Pipeline.php(32): call_user_func(Object(Closure), Object(Illuminate\Http\Request))
#30 /Users/amuthuraj/Desktop/Capstone/New_Cassel/vendor/laravel/framework/src/Illuminate/Cookie/Middleware/EncryptCookies.php(59): Illuminate\Routing\Pipeline->Illuminate\Routing\{closure}(Object(Illuminate\Http\Request))
#31 [internal function]: Illuminate\Cookie\Middleware\EncryptCookies->handle(Object(Illuminate\Http\Request), Object(Closure))
#32 /Users/amuthuraj/Desktop/Capstone/New_Cassel/vendor/laravel/framework/src/Illuminate/Pipeline/Pipeline.php(136): call_user_func_array(Array, Array)
#33 [internal function]: Illuminate\Pipeline\Pipeline->Illuminate\Pipeline\{closure}(Object(Illuminate\Http\Request))
#34 /Users/amuthuraj/Desktop/Capstone/New_Cassel/vendor/laravel/framework/src/Illuminate/Routing/Pipeline.php(32): call_user_func(Object(Closure), Object(Illuminate\Http\Request))
#35 [internal function]: Illuminate\Routing\Pipeline->Illuminate\Routing\{closure}(Object(Illuminate\Http\Request))
#36 /Users/amuthuraj/Desktop/Capstone/New_Cassel/vendor/laravel/framework/src/Illuminate/Pipeline/Pipeline.php(102): call_user_func(Object(Closure), Object(Illuminate\Http\Request))
#37 /Users/amuthuraj/Desktop/Capstone/New_Cassel/vendor/laravel/framework/src/Illuminate/Routing/Router.php(726): Illuminate\Pipeline\Pipeline->then(Object(Closure))
#38 /Users/amuthuraj/Desktop/Capstone/New_Cassel/vendor/laravel/framework/src/Illuminate/Routing/Router.php(699): Illuminate\Routing\Router->runRouteWithinStack(Object(Illuminate\Routing\Route), Object(Illuminate\Http\Request))
#39 /Users/amuthuraj/Desktop/Capstone/New_Cassel/vendor/laravel/framework/src/Illuminate/Routing/Router.php(675): Illuminate\Routing\Router->dispatchToRoute(Object(Illuminate\Http\Request))
#40 /Users/amuthuraj/Desktop/Capstone/New_Cassel/vendor/laravel/framework/src/Illuminate/Foundation/Http/Kernel.php(246): Illuminate\Routing\Router->dispatch(Object(Illuminate\Http\Request))
#41 [internal function]: Illuminate\Foundation\Http\Kernel->Illuminate\Foundation\Http\{closure}(Object(Illuminate\Http\Request))
#42 /Users/amuthuraj/Desktop/Capstone/New_Cassel/vendor/laravel/framework/src/Illuminate/Routing/Pipeline.php(52): call_user_func(Object(Closure), Object(Illuminate\Http\Request))
#43 /Users/amuthuraj/Desktop/Capstone/New_Cassel/vendor/laravel/framework/src/Illuminate/Foundation/Http/Middleware/CheckForMaintenanceMode.php(44): Illuminate\Routing\Pipeline->Illuminate\Routing\{closure}(Object(Illuminate\Http\Request))
#44 [internal function]: Illuminate\Foundation\Http\Middleware\CheckForMaintenanceMode->handle(Object(Illuminate\Http\Request), Object(Closure))
#45 /Users/amuthuraj/Desktop/Capstone/New_Cassel/vendor/laravel/framework/src/Illuminate/Pipeline/Pipeline.php(136): call_user_func_array(Array, Array)
#46 [internal function]: Illuminate\Pipeline\Pipeline->Illuminate\Pipeline\{closure}(Object(Illuminate\Http\Request))
#47 /Users/amuthuraj/Desktop/Capstone/New_Cassel/vendor/laravel/framework/src/Illuminate/Routing/Pipeline.php(32): call_user_func(Object(Closure), Object(Illuminate\Http\Request))
#48 [internal function]: Illuminate\Routing\Pipeline->Illuminate\Routing\{closure}(Object(Illuminate\Http\Request))
#49 /Users/amuthuraj/Desktop/Capstone/New_Cassel/vendor/laravel/framework/src/Illuminate/Pipeline/Pipeline.php(102): call_user_func(Object(Closure), Object(Illuminate\Http\Request))
#50 /Users/amuthuraj/Desktop/Capstone/New_Cassel/vendor/laravel/framework/src/Illuminate/Foundation/Http/Kernel.php(132): Illuminate\Pipeline\Pipeline->then(Object(Closure))
#51 /Users/amuthuraj/Desktop/Capstone/New_Cassel/vendor/laravel/framework/src/Illuminate/Foundation/Http/Kernel.php(99): Illuminate\Foundation\Http\Kernel->sendRequestThroughRouter(Object(Illuminate\Http\Request))
#52 /Users/amuthuraj/Desktop/Capstone/New_Cassel/public/index.php(53): Illuminate\Foundation\Http\Kernel->handle(Object(Illuminate\Http\Request))
#53 /Users/amuthuraj/Desktop/Capstone/New_Cassel/server.php(21): require_once('/Users/amuthura...')
#54 {main}  
[2017-01-30 03:22:09] local.ERROR: UnexpectedValueException: Invalid route action: [App\Http\Controllers\Auth\AuthController] in /Users/amuthuraj/Desktop/Capstone/New_Cassel/vendor/laravel/framework/src/Illuminate/Routing/Route.php:565
Stack trace:
#0 /Users/amuthuraj/Desktop/Capstone/New_Cassel/vendor/laravel/framework/src/Illuminate/Routing/Route.php(114): Illuminate\Routing\Route->parseAction(Array)
#1 /Users/amuthuraj/Desktop/Capstone/New_Cassel/vendor/laravel/framework/src/Illuminate/Routing/Router.php(566): Illuminate\Routing\Route->__construct(Array, 'reset', Array)
#2 /Users/amuthuraj/Desktop/Capstone/New_Cassel/vendor/laravel/framework/src/Illuminate/Routing/Router.php(541): Illuminate\Routing\Router->newRoute(Array, 'reset', Array)
#3 /Users/amuthuraj/Desktop/Capstone/New_Cassel/vendor/laravel/framework/src/Illuminate/Routing/Router.php(520): Illuminate\Routing\Router->createRoute(Array, '/reset', Array)
#4 /Users/amuthuraj/Desktop/Capstone/New_Cassel/vendor/laravel/framework/src/Illuminate/Routing/Router.php(129): Illuminate\Routing\Router->addRoute(Array, '/reset', 'Auth\\AuthContro...')
#5 /Users/amuthuraj/Desktop/Capstone/New_Cassel/vendor/laravel/framework/src/Illuminate/Support/Facades/Facade.php(219): Illuminate\Routing\Router->get('/reset', 'Auth\\AuthContro...')
#6 /Users/amuthuraj/Desktop/Capstone/New_Cassel/app/Http/routes.php(81): Illuminate\Support\Facades\Facade::__callStatic('get', Array)
#7 /Users/amuthuraj/Desktop/Capstone/New_Cassel/app/Providers/RouteServiceProvider.php(58): require('/Users/amuthura...')
#8 [internal function]: App\Providers\RouteServiceProvider->App\Providers\{closure}(Object(Illuminate\Routing\Router))
#9 /Users/amuthuraj/Desktop/Capstone/New_Cassel/vendor/laravel/framework/src/Illuminate/Routing/Router.php(398): call_user_func(Object(Closure), Object(Illuminate\Routing\Router))
#10 /Users/amuthuraj/Desktop/Capstone/New_Cassel/app/Providers/RouteServiceProvider.php(59): Illuminate\Routing\Router->group(Array, Object(Closure))
#11 /Users/amuthuraj/Desktop/Capstone/New_Cassel/app/Providers/RouteServiceProvider.php(40): App\Providers\RouteServiceProvider->mapWebRoutes(Object(Illuminate\Routing\Router))
#12 [internal function]: App\Providers\RouteServiceProvider->map(Object(Illuminate\Routing\Router))
#13 /Users/amuthuraj/Desktop/Capstone/New_Cassel/vendor/laravel/framework/src/Illuminate/Container/Container.php(507): call_user_func_array(Array, Array)
#14 /Users/amuthuraj/Desktop/Capstone/New_Cassel/vendor/laravel/framework/src/Illuminate/Foundation/Support/Providers/RouteServiceProvider.php(72): Illuminate\Container\Container->call(Array)
#15 /Users/amuthuraj/Desktop/Capstone/New_Cassel/vendor/laravel/framework/src/Illuminate/Foundation/Support/Providers/RouteServiceProvider.php(31): Illuminate\Foundation\Support\Providers\RouteServiceProvider->loadRoutes()
#16 /Users/amuthuraj/Desktop/Capstone/New_Cassel/app/Providers/RouteServiceProvider.php(29): Illuminate\Foundation\Support\Providers\RouteServiceProvider->boot(Object(Illuminate\Routing\Router))
#17 [internal function]: App\Providers\RouteServiceProvider->boot(Object(Illuminate\Routing\Router))
#18 /Users/amuthuraj/Desktop/Capstone/New_Cassel/vendor/laravel/framework/src/Illuminate/Container/Container.php(507): call_user_func_array(Array, Array)
#19 /Users/amuthuraj/Desktop/Capstone/New_Cassel/vendor/laravel/framework/src/Illuminate/Foundation/Application.php(757): Illuminate\Container\Container->call(Array)
#20 /Users/amuthuraj/Desktop/Capstone/New_Cassel/vendor/laravel/framework/src/Illuminate/Foundation/Application.php(740): Illuminate\Foundation\Application->bootProvider(Object(App\Providers\RouteServiceProvider))
#21 [internal function]: Illuminate\Foundation\Application->Illuminate\Foundation\{closure}(Object(App\Providers\RouteServiceProvider), 14)
#22 /Users/amuthuraj/Desktop/Capstone/New_Cassel/vendor/laravel/framework/src/Illuminate/Foundation/Application.php(741): array_walk(Array, Object(Closure))
#23 /Users/amuthuraj/Desktop/Capstone/New_Cassel/vendor/laravel/framework/src/Illuminate/Foundation/Bootstrap/BootProviders.php(17): Illuminate\Foundation\Application->boot()
#24 /Users/amuthuraj/Desktop/Capstone/New_Cassel/vendor/laravel/framework/src/Illuminate/Foundation/Application.php(203): Illuminate\Foundation\Bootstrap\BootProviders->bootstrap(Object(Illuminate\Foundation\Application))
#25 /Users/amuthuraj/Desktop/Capstone/New_Cassel/vendor/laravel/framework/src/Illuminate/Foundation/Http/Kernel.php(232): Illuminate\Foundation\Application->bootstrapWith(Array)
#26 /Users/amuthuraj/Desktop/Capstone/New_Cassel/vendor/laravel/framework/src/Illuminate/Foundation/Http/Kernel.php(127): Illuminate\Foundation\Http\Kernel->bootstrap()
#27 /Users/amuthuraj/Desktop/Capstone/New_Cassel/vendor/laravel/framework/src/Illuminate/Foundation/Http/Kernel.php(99): Illuminate\Foundation\Http\Kernel->sendRequestThroughRouter(Object(Illuminate\Http\Request))
#28 /Users/amuthuraj/Desktop/Capstone/New_Cassel/public/index.php(53): Illuminate\Foundation\Http\Kernel->handle(Object(Illuminate\Http\Request))
#29 /Users/amuthuraj/Desktop/Capstone/New_Cassel/server.php(21): require_once('/Users/amuthura...')
#30 {main}  
[2017-01-30 03:22:12] local.ERROR: UnexpectedValueException: Invalid route action: [App\Http\Controllers\Auth\AuthController] in /Users/amuthuraj/Desktop/Capstone/New_Cassel/vendor/laravel/framework/src/Illuminate/Routing/Route.php:565
Stack trace:
#0 /Users/amuthuraj/Desktop/Capstone/New_Cassel/vendor/laravel/framework/src/Illuminate/Routing/Route.php(114): Illuminate\Routing\Route->parseAction(Array)
#1 /Users/amuthuraj/Desktop/Capstone/New_Cassel/vendor/laravel/framework/src/Illuminate/Routing/Router.php(566): Illuminate\Routing\Route->__construct(Array, 'reset', Array)
#2 /Users/amuthuraj/Desktop/Capstone/New_Cassel/vendor/laravel/framework/src/Illuminate/Routing/Router.php(541): Illuminate\Routing\Router->newRoute(Array, 'reset', Array)
#3 /Users/amuthuraj/Desktop/Capstone/New_Cassel/vendor/laravel/framework/src/Illuminate/Routing/Router.php(520): Illuminate\Routing\Router->createRoute(Array, '/reset', Array)
#4 /Users/amuthuraj/Desktop/Capstone/New_Cassel/vendor/laravel/framework/src/Illuminate/Routing/Router.php(129): Illuminate\Routing\Router->addRoute(Array, '/reset', 'Auth\\AuthContro...')
#5 /Users/amuthuraj/Desktop/Capstone/New_Cassel/vendor/laravel/framework/src/Illuminate/Support/Facades/Facade.php(219): Illuminate\Routing\Router->get('/reset', 'Auth\\AuthContro...')
#6 /Users/amuthuraj/Desktop/Capstone/New_Cassel/app/Http/routes.php(81): Illuminate\Support\Facades\Facade::__callStatic('get', Array)
#7 /Users/amuthuraj/Desktop/Capstone/New_Cassel/app/Providers/RouteServiceProvider.php(58): require('/Users/amuthura...')
#8 [internal function]: App\Providers\RouteServiceProvider->App\Providers\{closure}(Object(Illuminate\Routing\Router))
#9 /Users/amuthuraj/Desktop/Capstone/New_Cassel/vendor/laravel/framework/src/Illuminate/Routing/Router.php(398): call_user_func(Object(Closure), Object(Illuminate\Routing\Router))
#10 /Users/amuthuraj/Desktop/Capstone/New_Cassel/app/Providers/RouteServiceProvider.php(59): Illuminate\Routing\Router->group(Array, Object(Closure))
#11 /Users/amuthuraj/Desktop/Capstone/New_Cassel/app/Providers/RouteServiceProvider.php(40): App\Providers\RouteServiceProvider->mapWebRoutes(Object(Illuminate\Routing\Router))
#12 [internal function]: App\Providers\RouteServiceProvider->map(Object(Illuminate\Routing\Router))
#13 /Users/amuthuraj/Desktop/Capstone/New_Cassel/vendor/laravel/framework/src/Illuminate/Container/Container.php(507): call_user_func_array(Array, Array)
#14 /Users/amuthuraj/Desktop/Capstone/New_Cassel/vendor/laravel/framework/src/Illuminate/Foundation/Support/Providers/RouteServiceProvider.php(72): Illuminate\Container\Container->call(Array)
#15 /Users/amuthuraj/Desktop/Capstone/New_Cassel/vendor/laravel/framework/src/Illuminate/Foundation/Support/Providers/RouteServiceProvider.php(31): Illuminate\Foundation\Support\Providers\RouteServiceProvider->loadRoutes()
#16 /Users/amuthuraj/Desktop/Capstone/New_Cassel/app/Providers/RouteServiceProvider.php(29): Illuminate\Foundation\Support\Providers\RouteServiceProvider->boot(Object(Illuminate\Routing\Router))
#17 [internal function]: App\Providers\RouteServiceProvider->boot(Object(Illuminate\Routing\Router))
#18 /Users/amuthuraj/Desktop/Capstone/New_Cassel/vendor/laravel/framework/src/Illuminate/Container/Container.php(507): call_user_func_array(Array, Array)
#19 /Users/amuthuraj/Desktop/Capstone/New_Cassel/vendor/laravel/framework/src/Illuminate/Foundation/Application.php(757): Illuminate\Container\Container->call(Array)
#20 /Users/amuthuraj/Desktop/Capstone/New_Cassel/vendor/laravel/framework/src/Illuminate/Foundation/Application.php(740): Illuminate\Foundation\Application->bootProvider(Object(App\Providers\RouteServiceProvider))
#21 [internal function]: Illuminate\Foundation\Application->Illuminate\Foundation\{closure}(Object(App\Providers\RouteServiceProvider), 14)
#22 /Users/amuthuraj/Desktop/Capstone/New_Cassel/vendor/laravel/framework/src/Illuminate/Foundation/Application.php(741): array_walk(Array, Object(Closure))
#23 /Users/amuthuraj/Desktop/Capstone/New_Cassel/vendor/laravel/framework/src/Illuminate/Foundation/Bootstrap/BootProviders.php(17): Illuminate\Foundation\Application->boot()
#24 /Users/amuthuraj/Desktop/Capstone/New_Cassel/vendor/laravel/framework/src/Illuminate/Foundation/Application.php(203): Illuminate\Foundation\Bootstrap\BootProviders->bootstrap(Object(Illuminate\Foundation\Application))
#25 /Users/amuthuraj/Desktop/Capstone/New_Cassel/vendor/laravel/framework/src/Illuminate/Foundation/Http/Kernel.php(232): Illuminate\Foundation\Application->bootstrapWith(Array)
#26 /Users/amuthuraj/Desktop/Capstone/New_Cassel/vendor/laravel/framework/src/Illuminate/Foundation/Http/Kernel.php(127): Illuminate\Foundation\Http\Kernel->bootstrap()
#27 /Users/amuthuraj/Desktop/Capstone/New_Cassel/vendor/laravel/framework/src/Illuminate/Foundation/Http/Kernel.php(99): Illuminate\Foundation\Http\Kernel->sendRequestThroughRouter(Object(Illuminate\Http\Request))
#28 /Users/amuthuraj/Desktop/Capstone/New_Cassel/public/index.php(53): Illuminate\Foundation\Http\Kernel->handle(Object(Illuminate\Http\Request))
#29 /Users/amuthuraj/Desktop/Capstone/New_Cassel/server.php(21): require_once('/Users/amuthura...')
#30 {main}  
[2017-01-30 03:22:19] local.ERROR: UnexpectedValueException: Invalid route action: [App\Http\Controllers\Auth\AuthController] in /Users/amuthuraj/Desktop/Capstone/New_Cassel/vendor/laravel/framework/src/Illuminate/Routing/Route.php:565
Stack trace:
#0 /Users/amuthuraj/Desktop/Capstone/New_Cassel/vendor/laravel/framework/src/Illuminate/Routing/Route.php(114): Illuminate\Routing\Route->parseAction(Array)
#1 /Users/amuthuraj/Desktop/Capstone/New_Cassel/vendor/laravel/framework/src/Illuminate/Routing/Router.php(566): Illuminate\Routing\Route->__construct(Array, 'reset', Array)
#2 /Users/amuthuraj/Desktop/Capstone/New_Cassel/vendor/laravel/framework/src/Illuminate/Routing/Router.php(541): Illuminate\Routing\Router->newRoute(Array, 'reset', Array)
#3 /Users/amuthuraj/Desktop/Capstone/New_Cassel/vendor/laravel/framework/src/Illuminate/Routing/Router.php(520): Illuminate\Routing\Router->createRoute(Array, '/reset', Array)
#4 /Users/amuthuraj/Desktop/Capstone/New_Cassel/vendor/laravel/framework/src/Illuminate/Routing/Router.php(129): Illuminate\Routing\Router->addRoute(Array, '/reset', 'Auth\\AuthContro...')
#5 /Users/amuthuraj/Desktop/Capstone/New_Cassel/vendor/laravel/framework/src/Illuminate/Support/Facades/Facade.php(219): Illuminate\Routing\Router->get('/reset', 'Auth\\AuthContro...')
#6 /Users/amuthuraj/Desktop/Capstone/New_Cassel/app/Http/routes.php(81): Illuminate\Support\Facades\Facade::__callStatic('get', Array)
#7 /Users/amuthuraj/Desktop/Capstone/New_Cassel/app/Providers/RouteServiceProvider.php(58): require('/Users/amuthura...')
#8 [internal function]: App\Providers\RouteServiceProvider->App\Providers\{closure}(Object(Illuminate\Routing\Router))
#9 /Users/amuthuraj/Desktop/Capstone/New_Cassel/vendor/laravel/framework/src/Illuminate/Routing/Router.php(398): call_user_func(Object(Closure), Object(Illuminate\Routing\Router))
#10 /Users/amuthuraj/Desktop/Capstone/New_Cassel/app/Providers/RouteServiceProvider.php(59): Illuminate\Routing\Router->group(Array, Object(Closure))
#11 /Users/amuthuraj/Desktop/Capstone/New_Cassel/app/Providers/RouteServiceProvider.php(40): App\Providers\RouteServiceProvider->mapWebRoutes(Object(Illuminate\Routing\Router))
#12 [internal function]: App\Providers\RouteServiceProvider->map(Object(Illuminate\Routing\Router))
#13 /Users/amuthuraj/Desktop/Capstone/New_Cassel/vendor/laravel/framework/src/Illuminate/Container/Container.php(507): call_user_func_array(Array, Array)
#14 /Users/amuthuraj/Desktop/Capstone/New_Cassel/vendor/laravel/framework/src/Illuminate/Foundation/Support/Providers/RouteServiceProvider.php(72): Illuminate\Container\Container->call(Array)
#15 /Users/amuthuraj/Desktop/Capstone/New_Cassel/vendor/laravel/framework/src/Illuminate/Foundation/Support/Providers/RouteServiceProvider.php(31): Illuminate\Foundation\Support\Providers\RouteServiceProvider->loadRoutes()
#16 /Users/amuthuraj/Desktop/Capstone/New_Cassel/app/Providers/RouteServiceProvider.php(29): Illuminate\Foundation\Support\Providers\RouteServiceProvider->boot(Object(Illuminate\Routing\Router))
#17 [internal function]: App\Providers\RouteServiceProvider->boot(Object(Illuminate\Routing\Router))
#18 /Users/amuthuraj/Desktop/Capstone/New_Cassel/vendor/laravel/framework/src/Illuminate/Container/Container.php(507): call_user_func_array(Array, Array)
#19 /Users/amuthuraj/Desktop/Capstone/New_Cassel/vendor/laravel/framework/src/Illuminate/Foundation/Application.php(757): Illuminate\Container\Container->call(Array)
#20 /Users/amuthuraj/Desktop/Capstone/New_Cassel/vendor/laravel/framework/src/Illuminate/Foundation/Application.php(740): Illuminate\Foundation\Application->bootProvider(Object(App\Providers\RouteServiceProvider))
#21 [internal function]: Illuminate\Foundation\Application->Illuminate\Foundation\{closure}(Object(App\Providers\RouteServiceProvider), 14)
#22 /Users/amuthuraj/Desktop/Capstone/New_Cassel/vendor/laravel/framework/src/Illuminate/Foundation/Application.php(741): array_walk(Array, Object(Closure))
#23 /Users/amuthuraj/Desktop/Capstone/New_Cassel/vendor/laravel/framework/src/Illuminate/Foundation/Bootstrap/BootProviders.php(17): Illuminate\Foundation\Application->boot()
#24 /Users/amuthuraj/Desktop/Capstone/New_Cassel/vendor/laravel/framework/src/Illuminate/Foundation/Application.php(203): Illuminate\Foundation\Bootstrap\BootProviders->bootstrap(Object(Illuminate\Foundation\Application))
#25 /Users/amuthuraj/Desktop/Capstone/New_Cassel/vendor/laravel/framework/src/Illuminate/Foundation/Http/Kernel.php(232): Illuminate\Foundation\Application->bootstrapWith(Array)
#26 /Users/amuthuraj/Desktop/Capstone/New_Cassel/vendor/laravel/framework/src/Illuminate/Foundation/Http/Kernel.php(127): Illuminate\Foundation\Http\Kernel->bootstrap()
#27 /Users/amuthuraj/Desktop/Capstone/New_Cassel/vendor/laravel/framework/src/Illuminate/Foundation/Http/Kernel.php(99): Illuminate\Foundation\Http\Kernel->sendRequestThroughRouter(Object(Illuminate\Http\Request))
#28 /Users/amuthuraj/Desktop/Capstone/New_Cassel/public/index.php(53): Illuminate\Foundation\Http\Kernel->handle(Object(Illuminate\Http\Request))
#29 /Users/amuthuraj/Desktop/Capstone/New_Cassel/server.php(21): require_once('/Users/amuthura...')
#30 {main}  
[2017-01-30 03:25:00] local.ERROR: Symfony\Component\Debug\Exception\FatalThrowableError: Type error: Argument 1 passed to Illuminate\Auth\SessionGuard::login() must implement interface Illuminate\Contracts\Auth\Authenticatable, null given in /Users/amuthuraj/Desktop/Capstone/New_Cassel/vendor/laravel/framework/src/Illuminate/Auth/SessionGuard.php:439
Stack trace:
#0 [internal function]: Illuminate\Auth\SessionGuard->login(NULL)
#1 /Users/amuthuraj/Desktop/Capstone/New_Cassel/vendor/laravel/framework/src/Illuminate/Auth/AuthManager.php(292): call_user_func_array(Array, Array)
#2 /Users/amuthuraj/Desktop/Capstone/New_Cassel/app/Http/Controllers/SocialAuthController.php(23): Illuminate\Auth\AuthManager->__call('login', Array)
#3 [internal function]: App\Http\Controllers\SocialAuthController->callback(Object(App\SocialAccountService))
#4 /Users/amuthuraj/Desktop/Capstone/New_Cassel/vendor/laravel/framework/src/Illuminate/Routing/Controller.php(80): call_user_func_array(Array, Array)
#5 /Users/amuthuraj/Desktop/Capstone/New_Cassel/vendor/laravel/framework/src/Illuminate/Routing/ControllerDispatcher.php(146): Illuminate\Routing\Controller->callAction('callback', Array)
#6 /Users/amuthuraj/Desktop/Capstone/New_Cassel/vendor/laravel/framework/src/Illuminate/Routing/ControllerDispatcher.php(94): Illuminate\Routing\ControllerDispatcher->call(Object(App\Http\Controllers\SocialAuthController), Object(Illuminate\Routing\Route), 'callback')
#7 [internal function]: Illuminate\Routing\ControllerDispatcher->Illuminate\Routing\{closure}(Object(Illuminate\Http\Request))
#8 /Users/amuthuraj/Desktop/Capstone/New_Cassel/vendor/laravel/framework/src/Illuminate/Routing/Pipeline.php(52): call_user_func(Object(Closure), Object(Illuminate\Http\Request))
#9 [internal function]: Illuminate\Routing\Pipeline->Illuminate\Routing\{closure}(Object(Illuminate\Http\Request))
#10 /Users/amuthuraj/Desktop/Capstone/New_Cassel/vendor/laravel/framework/src/Illuminate/Pipeline/Pipeline.php(102): call_user_func(Object(Closure), Object(Illuminate\Http\Request))
#11 /Users/amuthuraj/Desktop/Capstone/New_Cassel/vendor/laravel/framework/src/Illuminate/Routing/ControllerDispatcher.php(96): Illuminate\Pipeline\Pipeline->then(Object(Closure))
#12 /Users/amuthuraj/Desktop/Capstone/New_Cassel/vendor/laravel/framework/src/Illuminate/Routing/ControllerDispatcher.php(54): Illuminate\Routing\ControllerDispatcher->callWithinStack(Object(App\Http\Controllers\SocialAuthController), Object(Illuminate\Routing\Route), Object(Illuminate\Http\Request), 'callback')
#13 /Users/amuthuraj/Desktop/Capstone/New_Cassel/vendor/laravel/framework/src/Illuminate/Routing/Route.php(174): Illuminate\Routing\ControllerDispatcher->dispatch(Object(Illuminate\Routing\Route), Object(Illuminate\Http\Request), 'App\\Http\\Contro...', 'callback')
#14 /Users/amuthuraj/Desktop/Capstone/New_Cassel/vendor/laravel/framework/src/Illuminate/Routing/Route.php(140): Illuminate\Routing\Route->runController(Object(Illuminate\Http\Request))
#15 /Users/amuthuraj/Desktop/Capstone/New_Cassel/vendor/laravel/framework/src/Illuminate/Routing/Router.php(724): Illuminate\Routing\Route->run(Object(Illuminate\Http\Request))
#16 [internal function]: Illuminate\Routing\Router->Illuminate\Routing\{closure}(Object(Illuminate\Http\Request))
#17 /Users/amuthuraj/Desktop/Capstone/New_Cassel/vendor/laravel/framework/src/Illuminate/Routing/Pipeline.php(52): call_user_func(Object(Closure), Object(Illuminate\Http\Request))
#18 /Users/amuthuraj/Desktop/Capstone/New_Cassel/vendor/laravel/framework/src/Illuminate/Foundation/Http/Middleware/VerifyCsrfToken.php(64): Illuminate\Routing\Pipeline->Illuminate\Routing\{closure}(Object(Illuminate\Http\Request))
#19 [internal function]: Illuminate\Foundation\Http\Middleware\VerifyCsrfToken->handle(Object(Illuminate\Http\Request), Object(Closure))
#20 /Users/amuthuraj/Desktop/Capstone/New_Cassel/vendor/laravel/framework/src/Illuminate/Pipeline/Pipeline.php(136): call_user_func_array(Array, Array)
#21 [internal function]: Illuminate\Pipeline\Pipeline->Illuminate\Pipeline\{closure}(Object(Illuminate\Http\Request))
#22 /Users/amuthuraj/Desktop/Capstone/New_Cassel/vendor/laravel/framework/src/Illuminate/Routing/Pipeline.php(32): call_user_func(Object(Closure), Object(Illuminate\Http\Request))
#23 /Users/amuthuraj/Desktop/Capstone/New_Cassel/vendor/laravel/framework/src/Illuminate/View/Middleware/ShareErrorsFromSession.php(49): Illuminate\Routing\Pipeline->Illuminate\Routing\{closure}(Object(Illuminate\Http\Request))
#24 [internal function]: Illuminate\View\Middleware\ShareErrorsFromSession->handle(Object(Illuminate\Http\Request), Object(Closure))
#25 /Users/amuthuraj/Desktop/Capstone/New_Cassel/vendor/laravel/framework/src/Illuminate/Pipeline/Pipeline.php(136): call_user_func_array(Array, Array)
#26 [internal function]: Illuminate\Pipeline\Pipeline->Illuminate\Pipeline\{closure}(Object(Illuminate\Http\Request))
#27 /Users/amuthuraj/Desktop/Capstone/New_Cassel/vendor/laravel/framework/src/Illuminate/Routing/Pipeline.php(32): call_user_func(Object(Closure), Object(Illuminate\Http\Request))
#28 /Users/amuthuraj/Desktop/Capstone/New_Cassel/vendor/laravel/framework/src/Illuminate/Session/Middleware/StartSession.php(64): Illuminate\Routing\Pipeline->Illuminate\Routing\{closure}(Object(Illuminate\Http\Request))
#29 [internal function]: Illuminate\Session\Middleware\StartSession->handle(Object(Illuminate\Http\Request), Object(Closure))
#30 /Users/amuthuraj/Desktop/Capstone/New_Cassel/vendor/laravel/framework/src/Illuminate/Pipeline/Pipeline.php(136): call_user_func_array(Array, Array)
#31 [internal function]: Illuminate\Pipeline\Pipeline->Illuminate\Pipeline\{closure}(Object(Illuminate\Http\Request))
#32 /Users/amuthuraj/Desktop/Capstone/New_Cassel/vendor/laravel/framework/src/Illuminate/Routing/Pipeline.php(32): call_user_func(Object(Closure), Object(Illuminate\Http\Request))
#33 /Users/amuthuraj/Desktop/Capstone/New_Cassel/vendor/laravel/framework/src/Illuminate/Cookie/Middleware/AddQueuedCookiesToResponse.php(37): Illuminate\Routing\Pipeline->Illuminate\Routing\{closure}(Object(Illuminate\Http\Request))
#34 [internal function]: Illuminate\Cookie\Middleware\AddQueuedCookiesToResponse->handle(Object(Illuminate\Http\Request), Object(Closure))
#35 /Users/amuthuraj/Desktop/Capstone/New_Cassel/vendor/laravel/framework/src/Illuminate/Pipeline/Pipeline.php(136): call_user_func_array(Array, Array)
#36 [internal function]: Illuminate\Pipeline\Pipeline->Illuminate\Pipeline\{closure}(Object(Illuminate\Http\Request))
#37 /Users/amuthuraj/Desktop/Capstone/New_Cassel/vendor/laravel/framework/src/Illuminate/Routing/Pipeline.php(32): call_user_func(Object(Closure), Object(Illuminate\Http\Request))
#38 /Users/amuthuraj/Desktop/Capstone/New_Cassel/vendor/laravel/framework/src/Illuminate/Cookie/Middleware/EncryptCookies.php(59): Illuminate\Routing\Pipeline->Illuminate\Routing\{closure}(Object(Illuminate\Http\Request))
#39 [internal function]: Illuminate\Cookie\Middleware\EncryptCookies->handle(Object(Illuminate\Http\Request), Object(Closure))
#40 /Users/amuthuraj/Desktop/Capstone/New_Cassel/vendor/laravel/framework/src/Illuminate/Pipeline/Pipeline.php(136): call_user_func_array(Array, Array)
#41 [internal function]: Illuminate\Pipeline\Pipeline->Illuminate\Pipeline\{closure}(Object(Illuminate\Http\Request))
#42 /Users/amuthuraj/Desktop/Capstone/New_Cassel/vendor/laravel/framework/src/Illuminate/Routing/Pipeline.php(32): call_user_func(Object(Closure), Object(Illuminate\Http\Request))
#43 [internal function]: Illuminate\Routing\Pipeline->Illuminate\Routing\{closure}(Object(Illuminate\Http\Request))
#44 /Users/amuthuraj/Desktop/Capstone/New_Cassel/vendor/laravel/framework/src/Illuminate/Pipeline/Pipeline.php(102): call_user_func(Object(Closure), Object(Illuminate\Http\Request))
#45 /Users/amuthuraj/Desktop/Capstone/New_Cassel/vendor/laravel/framework/src/Illuminate/Routing/Router.php(726): Illuminate\Pipeline\Pipeline->then(Object(Closure))
#46 /Users/amuthuraj/Desktop/Capstone/New_Cassel/vendor/laravel/framework/src/Illuminate/Routing/Router.php(699): Illuminate\Routing\Router->runRouteWithinStack(Object(Illuminate\Routing\Route), Object(Illuminate\Http\Request))
#47 /Users/amuthuraj/Desktop/Capstone/New_Cassel/vendor/laravel/framework/src/Illuminate/Routing/Router.php(675): Illuminate\Routing\Router->dispatchToRoute(Object(Illuminate\Http\Request))
#48 /Users/amuthuraj/Desktop/Capstone/New_Cassel/vendor/laravel/framework/src/Illuminate/Foundation/Http/Kernel.php(246): Illuminate\Routing\Router->dispatch(Object(Illuminate\Http\Request))
#49 [internal function]: Illuminate\Foundation\Http\Kernel->Illuminate\Foundation\Http\{closure}(Object(Illuminate\Http\Request))
#50 /Users/amuthuraj/Desktop/Capstone/New_Cassel/vendor/laravel/framework/src/Illuminate/Routing/Pipeline.php(52): call_user_func(Object(Closure), Object(Illuminate\Http\Request))
#51 /Users/amuthuraj/Desktop/Capstone/New_Cassel/vendor/laravel/framework/src/Illuminate/Foundation/Http/Middleware/CheckForMaintenanceMode.php(44): Illuminate\Routing\Pipeline->Illuminate\Routing\{closure}(Object(Illuminate\Http\Request))
#52 [internal function]: Illuminate\Foundation\Http\Middleware\CheckForMaintenanceMode->handle(Object(Illuminate\Http\Request), Object(Closure))
#53 /Users/amuthuraj/Desktop/Capstone/New_Cassel/vendor/laravel/framework/src/Illuminate/Pipeline/Pipeline.php(136): call_user_func_array(Array, Array)
#54 [internal function]: Illuminate\Pipeline\Pipeline->Illuminate\Pipeline\{closure}(Object(Illuminate\Http\Request))
#55 /Users/amuthuraj/Desktop/Capstone/New_Cassel/vendor/laravel/framework/src/Illuminate/Routing/Pipeline.php(32): call_user_func(Object(Closure), Object(Illuminate\Http\Request))
#56 [internal function]: Illuminate\Routing\Pipeline->Illuminate\Routing\{closure}(Object(Illuminate\Http\Request))
#57 /Users/amuthuraj/Desktop/Capstone/New_Cassel/vendor/laravel/framework/src/Illuminate/Pipeline/Pipeline.php(102): call_user_func(Object(Closure), Object(Illuminate\Http\Request))
#58 /Users/amuthuraj/Desktop/Capstone/New_Cassel/vendor/laravel/framework/src/Illuminate/Foundation/Http/Kernel.php(132): Illuminate\Pipeline\Pipeline->then(Object(Closure))
#59 /Users/amuthuraj/Desktop/Capstone/New_Cassel/vendor/laravel/framework/src/Illuminate/Foundation/Http/Kernel.php(99): Illuminate\Foundation\Http\Kernel->sendRequestThroughRouter(Object(Illuminate\Http\Request))
#60 /Users/amuthuraj/Desktop/Capstone/New_Cassel/public/index.php(53): Illuminate\Foundation\Http\Kernel->handle(Object(Illuminate\Http\Request))
#61 /Users/amuthuraj/Desktop/Capstone/New_Cassel/server.php(21): require_once('/Users/amuthura...')
#62 {main}  
